<?xml version="1.0" encoding="UTF-8"?>
<testsuite name="uk.ac.sheffield.com1003.cafe.TestCafeTask4" tests="5" skipped="0" failures="5" errors="0" timestamp="2024-03-18T21:55:52" hostname="Ruizhens-MacBook-Pro.local" time="0.021">
  <properties/>
  <testcase name="printPendingOrderSingle" classname="uk.ac.sheffield.com1003.cafe.TestCafeTask4" time="0.004">
    <failure message="java.lang.StackOverflowError" type="java.lang.StackOverflowError">java.lang.StackOverflowError
	at uk.ac.sheffield.com1003.cafe.ingredients.Coffee.&lt;init&gt;(Coffee.java:10)
	at uk.ac.sheffield.com1003.cafe.ingredients.Coffee.&lt;init&gt;(Coffee.java:10)
	at uk.ac.sheffield.com1003.cafe.ingredients.Coffee.&lt;init&gt;(Coffee.java:10)
	at uk.ac.sheffield.com1003.cafe.ingredients.Coffee.&lt;init&gt;(Coffee.java:10)
	at uk.ac.sheffield.com1003.cafe.ingredients.Coffee.&lt;init&gt;(Coffee.java:10)
	at uk.ac.sheffield.com1003.cafe.ingredients.Coffee.&lt;init&gt;(Coffee.java:10)
	at uk.ac.sheffield.com1003.cafe.ingredients.Coffee.&lt;init&gt;(Coffee.java:10)
	at uk.ac.sheffield.com1003.cafe.ingredients.Coffee.&lt;init&gt;(Coffee.java:10)
	at uk.ac.sheffield.com1003.cafe.ingredients.Coffee.&lt;init&gt;(Coffee.java:10)
	at uk.ac.sheffield.com1003.cafe.ingredients.Coffee.&lt;init&gt;(Coffee.java:10)
	at uk.ac.sheffield.com1003.cafe.ingredients.Coffee.&lt;init&gt;(Coffee.java:10)
	at uk.ac.sheffield.com1003.cafe.ingredients.Coffee.&lt;init&gt;(Coffee.java:10)
	at uk.ac.sheffield.com1003.cafe.ingredients.Coffee.&lt;init&gt;(Coffee.java:10)
	at uk.ac.sheffield.com1003.cafe.ingredients.Coffee.&lt;init&gt;(Coffee.java:10)
	at uk.ac.sheffield.com1003.cafe.ingredients.Coffee.&lt;init&gt;(Coffee.java:10)
	at uk.ac.sheffield.com1003.cafe.ingredients.Coffee.&lt;init&gt;(Coffee.java:10)
	at uk.ac.sheffield.com1003.cafe.ingredients.Coffee.&lt;init&gt;(Coffee.java:10)
	at uk.ac.sheffield.com1003.cafe.ingredients.Coffee.&lt;init&gt;(Coffee.java:10)
	at uk.ac.sheffield.com1003.cafe.ingredients.Coffee.&lt;init&gt;(Coffee.java:10)
	at uk.ac.sheffield.com1003.cafe.ingredients.Coffee.&lt;init&gt;(Coffee.java:10)
	at uk.ac.sheffield.com1003.cafe.ingredients.Coffee.&lt;init&gt;(Coffee.java:10)
	at uk.ac.sheffield.com1003.cafe.ingredients.Coffee.&lt;init&gt;(Coffee.java:10)
	at uk.ac.sheffield.com1003.cafe.ingredients.Coffee.&lt;init&gt;(Coffee.java:10)
	at uk.ac.sheffield.com1003.cafe.ingredients.Coffee.&lt;init&gt;(Coffee.java:10)
	at uk.ac.sheffield.com1003.cafe.ingredients.Coffee.&lt;init&gt;(Coffee.java:10)
	at uk.ac.sheffield.com1003.cafe.ingredients.Coffee.&lt;init&gt;(Coffee.java:10)
	at uk.ac.sheffield.com1003.cafe.ingredients.Coffee.&lt;init&gt;(Coffee.java:10)
	at uk.ac.sheffield.com1003.cafe.ingredients.Coffee.&lt;init&gt;(Coffee.java:10)
	at uk.ac.sheffield.com1003.cafe.ingredients.Coffee.&lt;init&gt;(Coffee.java:10)
	at uk.ac.sheffield.com1003.cafe.ingredients.Coffee.&lt;init&gt;(Coffee.java:10)
	at uk.ac.sheffield.com1003.cafe.ingredients.Coffee.&lt;init&gt;(Coffee.java:10)
	at uk.ac.sheffield.com1003.cafe.ingredients.Coffee.&lt;init&gt;(Coffee.java:10)
	at uk.ac.sheffield.com1003.cafe.ingredients.Coffee.&lt;init&gt;(Coffee.java:10)
	at uk.ac.sheffield.com1003.cafe.ingredients.Coffee.&lt;init&gt;(Coffee.java:10)
	at uk.ac.sheffield.com1003.cafe.ingredients.Coffee.&lt;init&gt;(Coffee.java:10)
	at uk.ac.sheffield.com1003.cafe.ingredients.Coffee.&lt;init&gt;(Coffee.java:10)
	at uk.ac.sheffield.com1003.cafe.ingredients.Coffee.&lt;init&gt;(Coffee.java:10)
	at uk.ac.sheffield.com1003.cafe.ingredients.Coffee.&lt;init&gt;(Coffee.java:10)
	at uk.ac.sheffield.com1003.cafe.ingredients.Coffee.&lt;init&gt;(Coffee.java:10)
	at uk.ac.sheffield.com1003.cafe.ingredients.Coffee.&lt;init&gt;(Coffee.java:10)
	at uk.ac.sheffield.com1003.cafe.ingredients.Coffee.&lt;init&gt;(Coffee.java:10)
	at uk.ac.sheffield.com1003.cafe.ingredients.Coffee.&lt;init&gt;(Coffee.java:10)
	at uk.ac.sheffield.com1003.cafe.ingredients.Coffee.&lt;init&gt;(Coffee.java:10)
	at uk.ac.sheffield.com1003.cafe.ingredients.Coffee.&lt;init&gt;(Coffee.java:10)
	at uk.ac.sheffield.com1003.cafe.ingredients.Coffee.&lt;init&gt;(Coffee.java:10)
	at uk.ac.sheffield.com1003.cafe.ingredients.Coffee.&lt;init&gt;(Coffee.java:10)
	at uk.ac.sheffield.com1003.cafe.ingredients.Coffee.&lt;init&gt;(Coffee.java:10)
	at uk.ac.sheffield.com1003.cafe.ingredients.Coffee.&lt;init&gt;(Coffee.java:10)
	at uk.ac.sheffield.com1003.cafe.ingredients.Coffee.&lt;init&gt;(Coffee.java:10)
	at uk.ac.sheffield.com1003.cafe.ingredients.Coffee.&lt;init&gt;(Coffee.java:10)
	at uk.ac.sheffield.com1003.cafe.ingredients.Coffee.&lt;init&gt;(Coffee.java:10)
	at uk.ac.sheffield.com1003.cafe.ingredients.Coffee.&lt;init&gt;(Coffee.java:10)
	at uk.ac.sheffield.com1003.cafe.ingredients.Coffee.&lt;init&gt;(Coffee.java:10)
	at uk.ac.sheffield.com1003.cafe.ingredients.Coffee.&lt;init&gt;(Coffee.java:10)
	at uk.ac.sheffield.com1003.cafe.ingredients.Coffee.&lt;init&gt;(Coffee.java:10)
	at uk.ac.sheffield.com1003.cafe.ingredients.Coffee.&lt;init&gt;(Coffee.java:10)
	at uk.ac.sheffield.com1003.cafe.ingredients.Coffee.&lt;init&gt;(Coffee.java:10)
	at uk.ac.sheffield.com1003.cafe.ingredients.Coffee.&lt;init&gt;(Coffee.java:10)
	at uk.ac.sheffield.com1003.cafe.ingredients.Coffee.&lt;init&gt;(Coffee.java:10)
	at uk.ac.sheffield.com1003.cafe.ingredients.Coffee.&lt;init&gt;(Coffee.java:10)
	at uk.ac.sheffield.com1003.cafe.ingredients.Coffee.&lt;init&gt;(Coffee.java:10)
	at uk.ac.sheffield.com1003.cafe.ingredients.Coffee.&lt;init&gt;(Coffee.java:10)
	at uk.ac.sheffield.com1003.cafe.ingredients.Coffee.&lt;init&gt;(Coffee.java:10)
	at uk.ac.sheffield.com1003.cafe.ingredients.Coffee.&lt;init&gt;(Coffee.java:10)
	at uk.ac.sheffield.com1003.cafe.ingredients.Coffee.&lt;init&gt;(Coffee.java:10)
	at uk.ac.sheffield.com1003.cafe.ingredients.Coffee.&lt;init&gt;(Coffee.java:10)
	at uk.ac.sheffield.com1003.cafe.ingredients.Coffee.&lt;init&gt;(Coffee.java:10)
	at uk.ac.sheffield.com1003.cafe.ingredients.Coffee.&lt;init&gt;(Coffee.java:10)
	at uk.ac.sheffield.com1003.cafe.ingredients.Coffee.&lt;init&gt;(Coffee.java:10)
	at uk.ac.sheffield.com1003.cafe.ingredients.Coffee.&lt;init&gt;(Coffee.java:10)
	at uk.ac.sheffield.com1003.cafe.ingredients.Coffee.&lt;init&gt;(Coffee.java:10)
	at uk.ac.sheffield.com1003.cafe.ingredients.Coffee.&lt;init&gt;(Coffee.java:10)
	at uk.ac.sheffield.com1003.cafe.ingredients.Coffee.&lt;init&gt;(Coffee.java:10)
	at uk.ac.sheffield.com1003.cafe.ingredients.Coffee.&lt;init&gt;(Coffee.java:10)
	at uk.ac.sheffield.com1003.cafe.ingredients.Coffee.&lt;init&gt;(Coffee.java:10)
	at uk.ac.sheffield.com1003.cafe.ingredients.Coffee.&lt;init&gt;(Coffee.java:10)
	at uk.ac.sheffield.com1003.cafe.ingredients.Coffee.&lt;init&gt;(Coffee.java:10)
	at uk.ac.sheffield.com1003.cafe.ingredients.Coffee.&lt;init&gt;(Coffee.java:10)
	at uk.ac.sheffield.com1003.cafe.ingredients.Coffee.&lt;init&gt;(Coffee.java:10)
	at uk.ac.sheffield.com1003.cafe.ingredients.Coffee.&lt;init&gt;(Coffee.java:10)
	at uk.ac.sheffield.com1003.cafe.ingredients.Coffee.&lt;init&gt;(Coffee.java:10)
	at uk.ac.sheffield.com1003.cafe.ingredients.Coffee.&lt;init&gt;(Coffee.java:10)
	at uk.ac.sheffield.com1003.cafe.ingredients.Coffee.&lt;init&gt;(Coffee.java:10)
	at uk.ac.sheffield.com1003.cafe.ingredients.Coffee.&lt;init&gt;(Coffee.java:10)
	at uk.ac.sheffield.com1003.cafe.ingredients.Coffee.&lt;init&gt;(Coffee.java:10)
	at uk.ac.sheffield.com1003.cafe.ingredients.Coffee.&lt;init&gt;(Coffee.java:10)
	at uk.ac.sheffield.com1003.cafe.ingredients.Coffee.&lt;init&gt;(Coffee.java:10)
	at uk.ac.sheffield.com1003.cafe.ingredients.Coffee.&lt;init&gt;(Coffee.java:10)
	at uk.ac.sheffield.com1003.cafe.ingredients.Coffee.&lt;init&gt;(Coffee.java:10)
	at uk.ac.sheffield.com1003.cafe.ingredients.Coffee.&lt;init&gt;(Coffee.java:10)
	at uk.ac.sheffield.com1003.cafe.ingredients.Coffee.&lt;init&gt;(Coffee.java:10)
	at uk.ac.sheffield.com1003.cafe.ingredients.Coffee.&lt;init&gt;(Coffee.java:10)
	at uk.ac.sheffield.com1003.cafe.ingredients.Coffee.&lt;init&gt;(Coffee.java:10)
	at uk.ac.sheffield.com1003.cafe.ingredients.Coffee.&lt;init&gt;(Coffee.java:10)
	at uk.ac.sheffield.com1003.cafe.ingredients.Coffee.&lt;init&gt;(Coffee.java:10)
	at uk.ac.sheffield.com1003.cafe.ingredients.Coffee.&lt;init&gt;(Coffee.java:10)
	at uk.ac.sheffield.com1003.cafe.ingredients.Coffee.&lt;init&gt;(Coffee.java:10)
	at uk.ac.sheffield.com1003.cafe.ingredients.Coffee.&lt;init&gt;(Coffee.java:10)
	at uk.ac.sheffield.com1003.cafe.ingredients.Coffee.&lt;init&gt;(Coffee.java:10)
	at uk.ac.sheffield.com1003.cafe.ingredients.Coffee.&lt;init&gt;(Coffee.java:10)
	at uk.ac.sheffield.com1003.cafe.ingredients.Coffee.&lt;init&gt;(Coffee.java:10)
	at uk.ac.sheffield.com1003.cafe.ingredients.Coffee.&lt;init&gt;(Coffee.java:10)
	at uk.ac.sheffield.com1003.cafe.ingredients.Coffee.&lt;init&gt;(Coffee.java:10)
	at uk.ac.sheffield.com1003.cafe.ingredients.Coffee.&lt;init&gt;(Coffee.java:10)
	at uk.ac.sheffield.com1003.cafe.ingredients.Coffee.&lt;init&gt;(Coffee.java:10)
	at uk.ac.sheffield.com1003.cafe.ingredients.Coffee.&lt;init&gt;(Coffee.java:10)
	at uk.ac.sheffield.com1003.cafe.ingredients.Coffee.&lt;init&gt;(Coffee.java:10)
	at uk.ac.sheffield.com1003.cafe.ingredients.Coffee.&lt;init&gt;(Coffee.java:10)
	at uk.ac.sheffield.com1003.cafe.ingredients.Coffee.&lt;init&gt;(Coffee.java:10)
	at uk.ac.sheffield.com1003.cafe.ingredients.Coffee.&lt;init&gt;(Coffee.java:10)
	at uk.ac.sheffield.com1003.cafe.ingredients.Coffee.&lt;init&gt;(Coffee.java:10)
	at uk.ac.sheffield.com1003.cafe.ingredients.Coffee.&lt;init&gt;(Coffee.java:10)
	at uk.ac.sheffield.com1003.cafe.ingredients.Coffee.&lt;init&gt;(Coffee.java:10)
	at uk.ac.sheffield.com1003.cafe.ingredients.Coffee.&lt;init&gt;(Coffee.java:10)
	at uk.ac.sheffield.com1003.cafe.ingredients.Coffee.&lt;init&gt;(Coffee.java:10)
	at uk.ac.sheffield.com1003.cafe.ingredients.Coffee.&lt;init&gt;(Coffee.java:10)
	at uk.ac.sheffield.com1003.cafe.ingredients.Coffee.&lt;init&gt;(Coffee.java:10)
	at uk.ac.sheffield.com1003.cafe.ingredients.Coffee.&lt;init&gt;(Coffee.java:10)
	at uk.ac.sheffield.com1003.cafe.ingredients.Coffee.&lt;init&gt;(Coffee.java:10)
	at uk.ac.sheffield.com1003.cafe.ingredients.Coffee.&lt;init&gt;(Coffee.java:10)
	at uk.ac.sheffield.com1003.cafe.ingredients.Coffee.&lt;init&gt;(Coffee.java:10)
	at uk.ac.sheffield.com1003.cafe.ingredients.Coffee.&lt;init&gt;(Coffee.java:10)
	at uk.ac.sheffield.com1003.cafe.ingredients.Coffee.&lt;init&gt;(Coffee.java:10)
	at uk.ac.sheffield.com1003.cafe.ingredients.Coffee.&lt;init&gt;(Coffee.java:10)
	at uk.ac.sheffield.com1003.cafe.ingredients.Coffee.&lt;init&gt;(Coffee.java:10)
	at uk.ac.sheffield.com1003.cafe.ingredients.Coffee.&lt;init&gt;(Coffee.java:10)
	at uk.ac.sheffield.com1003.cafe.ingredients.Coffee.&lt;init&gt;(Coffee.java:10)
	at uk.ac.sheffield.com1003.cafe.ingredients.Coffee.&lt;init&gt;(Coffee.java:10)
	at uk.ac.sheffield.com1003.cafe.ingredients.Coffee.&lt;init&gt;(Coffee.java:10)
	at uk.ac.sheffield.com1003.cafe.ingredients.Coffee.&lt;init&gt;(Coffee.java:10)
	at uk.ac.sheffield.com1003.cafe.ingredients.Coffee.&lt;init&gt;(Coffee.java:10)
	at uk.ac.sheffield.com1003.cafe.ingredients.Coffee.&lt;init&gt;(Coffee.java:10)
	at uk.ac.sheffield.com1003.cafe.ingredients.Coffee.&lt;init&gt;(Coffee.java:10)
	at uk.ac.sheffield.com1003.cafe.ingredients.Coffee.&lt;init&gt;(Coffee.java:10)
	at uk.ac.sheffield.com1003.cafe.ingredients.Coffee.&lt;init&gt;(Coffee.java:10)
	at uk.ac.sheffield.com1003.cafe.ingredients.Coffee.&lt;init&gt;(Coffee.java:10)
	at uk.ac.sheffield.com1003.cafe.ingredients.Coffee.&lt;init&gt;(Coffee.java:10)
	at uk.ac.sheffield.com1003.cafe.ingredients.Coffee.&lt;init&gt;(Coffee.java:10)
	at uk.ac.sheffield.com1003.cafe.ingredients.Coffee.&lt;init&gt;(Coffee.java:10)
	at uk.ac.sheffield.com1003.cafe.ingredients.Coffee.&lt;init&gt;(Coffee.java:10)
	at uk.ac.sheffield.com1003.cafe.ingredients.Coffee.&lt;init&gt;(Coffee.java:10)
	at uk.ac.sheffield.com1003.cafe.ingredients.Coffee.&lt;init&gt;(Coffee.java:10)
	at uk.ac.sheffield.com1003.cafe.ingredients.Coffee.&lt;init&gt;(Coffee.java:10)
	at uk.ac.sheffield.com1003.cafe.ingredients.Coffee.&lt;init&gt;(Coffee.java:10)
	at uk.ac.sheffield.com1003.cafe.ingredients.Coffee.&lt;init&gt;(Coffee.java:10)
	at uk.ac.sheffield.com1003.cafe.ingredients.Coffee.&lt;init&gt;(Coffee.java:10)
	at uk.ac.sheffield.com1003.cafe.ingredients.Coffee.&lt;init&gt;(Coffee.java:10)
	at uk.ac.sheffield.com1003.cafe.ingredients.Coffee.&lt;init&gt;(Coffee.java:10)
	at uk.ac.sheffield.com1003.cafe.ingredients.Coffee.&lt;init&gt;(Coffee.java:10)
	at uk.ac.sheffield.com1003.cafe.ingredients.Coffee.&lt;init&gt;(Coffee.java:10)
	at uk.ac.sheffield.com1003.cafe.ingredients.Coffee.&lt;init&gt;(Coffee.java:10)
	at uk.ac.sheffield.com1003.cafe.ingredients.Coffee.&lt;init&gt;(Coffee.java:10)
	at uk.ac.sheffield.com1003.cafe.ingredients.Coffee.&lt;init&gt;(Coffee.java:10)
	at uk.ac.sheffield.com1003.cafe.ingredients.Coffee.&lt;init&gt;(Coffee.java:10)
	at uk.ac.sheffield.com1003.cafe.ingredients.Coffee.&lt;init&gt;(Coffee.java:10)
	at uk.ac.sheffield.com1003.cafe.ingredients.Coffee.&lt;init&gt;(Coffee.java:10)
	at uk.ac.sheffield.com1003.cafe.ingredients.Coffee.&lt;init&gt;(Coffee.java:10)
	at uk.ac.sheffield.com1003.cafe.ingredients.Coffee.&lt;init&gt;(Coffee.java:10)
	at uk.ac.sheffield.com1003.cafe.ingredients.Coffee.&lt;init&gt;(Coffee.java:10)
	at uk.ac.sheffield.com1003.cafe.ingredients.Coffee.&lt;init&gt;(Coffee.java:10)
	at uk.ac.sheffield.com1003.cafe.ingredients.Coffee.&lt;init&gt;(Coffee.java:10)
	at uk.ac.sheffield.com1003.cafe.ingredients.Coffee.&lt;init&gt;(Coffee.java:10)
	at uk.ac.sheffield.com1003.cafe.ingredients.Coffee.&lt;init&gt;(Coffee.java:10)
	at uk.ac.sheffield.com1003.cafe.ingredients.Coffee.&lt;init&gt;(Coffee.java:10)
	at uk.ac.sheffield.com1003.cafe.ingredients.Coffee.&lt;init&gt;(Coffee.java:10)
	at uk.ac.sheffield.com1003.cafe.ingredients.Coffee.&lt;init&gt;(Coffee.java:10)
	at uk.ac.sheffield.com1003.cafe.ingredients.Coffee.&lt;init&gt;(Coffee.java:10)
	at uk.ac.sheffield.com1003.cafe.ingredients.Coffee.&lt;init&gt;(Coffee.java:10)
	at uk.ac.sheffield.com1003.cafe.ingredients.Coffee.&lt;init&gt;(Coffee.java:10)
	at uk.ac.sheffield.com1003.cafe.ingredients.Coffee.&lt;init&gt;(Coffee.java:10)
	at uk.ac.sheffield.com1003.cafe.ingredients.Coffee.&lt;init&gt;(Coffee.java:10)
	at uk.ac.sheffield.com1003.cafe.ingredients.Coffee.&lt;init&gt;(Coffee.java:10)
	at uk.ac.sheffield.com1003.cafe.ingredients.Coffee.&lt;init&gt;(Coffee.java:10)
	at uk.ac.sheffield.com1003.cafe.ingredients.Coffee.&lt;init&gt;(Coffee.java:10)
	at uk.ac.sheffield.com1003.cafe.ingredients.Coffee.&lt;init&gt;(Coffee.java:10)
	at uk.ac.sheffield.com1003.cafe.ingredients.Coffee.&lt;init&gt;(Coffee.java:10)
	at uk.ac.sheffield.com1003.cafe.ingredients.Coffee.&lt;init&gt;(Coffee.java:10)
	at uk.ac.sheffield.com1003.cafe.ingredients.Coffee.&lt;init&gt;(Coffee.java:10)
	at uk.ac.sheffield.com1003.cafe.ingredients.Coffee.&lt;init&gt;(Coffee.java:10)
	at uk.ac.sheffield.com1003.cafe.ingredients.Coffee.&lt;init&gt;(Coffee.java:10)
	at uk.ac.sheffield.com1003.cafe.ingredients.Coffee.&lt;init&gt;(Coffee.java:10)
	at uk.ac.sheffield.com1003.cafe.ingredients.Coffee.&lt;init&gt;(Coffee.java:10)
	at uk.ac.sheffield.com1003.cafe.ingredients.Coffee.&lt;init&gt;(Coffee.java:10)
	at uk.ac.sheffield.com1003.cafe.ingredients.Coffee.&lt;init&gt;(Coffee.java:10)
	at uk.ac.sheffield.com1003.cafe.ingredients.Coffee.&lt;init&gt;(Coffee.java:10)
	at uk.ac.sheffield.com1003.cafe.ingredients.Coffee.&lt;init&gt;(Coffee.java:10)
	at uk.ac.sheffield.com1003.cafe.ingredients.Coffee.&lt;init&gt;(Coffee.java:10)
	at uk.ac.sheffield.com1003.cafe.ingredients.Coffee.&lt;init&gt;(Coffee.java:10)
	at uk.ac.sheffield.com1003.cafe.ingredients.Coffee.&lt;init&gt;(Coffee.java:10)
	at uk.ac.sheffield.com1003.cafe.ingredients.Coffee.&lt;init&gt;(Coffee.java:10)
	at uk.ac.sheffield.com1003.cafe.ingredients.Coffee.&lt;init&gt;(Coffee.java:10)
	at uk.ac.sheffield.com1003.cafe.ingredients.Coffee.&lt;init&gt;(Coffee.java:10)
	at uk.ac.sheffield.com1003.cafe.ingredients.Coffee.&lt;init&gt;(Coffee.java:10)
	at uk.ac.sheffield.com1003.cafe.ingredients.Coffee.&lt;init&gt;(Coffee.java:10)
	at uk.ac.sheffield.com1003.cafe.ingredients.Coffee.&lt;init&gt;(Coffee.java:10)
	at uk.ac.sheffield.com1003.cafe.ingredients.Coffee.&lt;init&gt;(Coffee.java:10)
	at uk.ac.sheffield.com1003.cafe.ingredients.Coffee.&lt;init&gt;(Coffee.java:10)
	at uk.ac.sheffield.com1003.cafe.ingredients.Coffee.&lt;init&gt;(Coffee.java:10)
	at uk.ac.sheffield.com1003.cafe.ingredients.Coffee.&lt;init&gt;(Coffee.java:10)
	at uk.ac.sheffield.com1003.cafe.ingredients.Coffee.&lt;init&gt;(Coffee.java:10)
	at uk.ac.sheffield.com1003.cafe.ingredients.Coffee.&lt;init&gt;(Coffee.java:10)
	at uk.ac.sheffield.com1003.cafe.ingredients.Coffee.&lt;init&gt;(Coffee.java:10)
	at uk.ac.sheffield.com1003.cafe.ingredients.Coffee.&lt;init&gt;(Coffee.java:10)
	at uk.ac.sheffield.com1003.cafe.ingredients.Coffee.&lt;init&gt;(Coffee.java:10)
	at uk.ac.sheffield.com1003.cafe.ingredients.Coffee.&lt;init&gt;(Coffee.java:10)
	at uk.ac.sheffield.com1003.cafe.ingredients.Coffee.&lt;init&gt;(Coffee.java:10)
	at uk.ac.sheffield.com1003.cafe.ingredients.Coffee.&lt;init&gt;(Coffee.java:10)
	at uk.ac.sheffield.com1003.cafe.ingredients.Coffee.&lt;init&gt;(Coffee.java:10)
	at uk.ac.sheffield.com1003.cafe.ingredients.Coffee.&lt;init&gt;(Coffee.java:10)
	at uk.ac.sheffield.com1003.cafe.ingredients.Coffee.&lt;init&gt;(Coffee.java:10)
	at uk.ac.sheffield.com1003.cafe.ingredients.Coffee.&lt;init&gt;(Coffee.java:10)
	at uk.ac.sheffield.com1003.cafe.ingredients.Coffee.&lt;init&gt;(Coffee.java:10)
	at uk.ac.sheffield.com1003.cafe.ingredients.Coffee.&lt;init&gt;(Coffee.java:10)
	at uk.ac.sheffield.com1003.cafe.ingredients.Coffee.&lt;init&gt;(Coffee.java:10)
	at uk.ac.sheffield.com1003.cafe.ingredients.Coffee.&lt;init&gt;(Coffee.java:10)
	at uk.ac.sheffield.com1003.cafe.ingredients.Coffee.&lt;init&gt;(Coffee.java:10)
	at uk.ac.sheffield.com1003.cafe.ingredients.Coffee.&lt;init&gt;(Coffee.java:10)
	at uk.ac.sheffield.com1003.cafe.ingredients.Coffee.&lt;init&gt;(Coffee.java:10)
	at uk.ac.sheffield.com1003.cafe.ingredients.Coffee.&lt;init&gt;(Coffee.java:10)
	at uk.ac.sheffield.com1003.cafe.ingredients.Coffee.&lt;init&gt;(Coffee.java:10)
	at uk.ac.sheffield.com1003.cafe.ingredients.Coffee.&lt;init&gt;(Coffee.java:10)
	at uk.ac.sheffield.com1003.cafe.ingredients.Coffee.&lt;init&gt;(Coffee.java:10)
	at uk.ac.sheffield.com1003.cafe.ingredients.Coffee.&lt;init&gt;(Coffee.java:10)
	at uk.ac.sheffield.com1003.cafe.ingredients.Coffee.&lt;init&gt;(Coffee.java:10)
	at uk.ac.sheffield.com1003.cafe.ingredients.Coffee.&lt;init&gt;(Coffee.java:10)
	at uk.ac.sheffield.com1003.cafe.ingredients.Coffee.&lt;init&gt;(Coffee.java:10)
	at uk.ac.sheffield.com1003.cafe.ingredients.Coffee.&lt;init&gt;(Coffee.java:10)
	at uk.ac.sheffield.com1003.cafe.ingredients.Coffee.&lt;init&gt;(Coffee.java:10)
	at uk.ac.sheffield.com1003.cafe.ingredients.Coffee.&lt;init&gt;(Coffee.java:10)
	at uk.ac.sheffield.com1003.cafe.ingredients.Coffee.&lt;init&gt;(Coffee.java:10)
	at uk.ac.sheffield.com1003.cafe.ingredients.Coffee.&lt;init&gt;(Coffee.java:10)
	at uk.ac.sheffield.com1003.cafe.ingredients.Coffee.&lt;init&gt;(Coffee.java:10)
	at uk.ac.sheffield.com1003.cafe.ingredients.Coffee.&lt;init&gt;(Coffee.java:10)
	at uk.ac.sheffield.com1003.cafe.ingredients.Coffee.&lt;init&gt;(Coffee.java:10)
	at uk.ac.sheffield.com1003.cafe.ingredients.Coffee.&lt;init&gt;(Coffee.java:10)
	at uk.ac.sheffield.com1003.cafe.ingredients.Coffee.&lt;init&gt;(Coffee.java:10)
	at uk.ac.sheffield.com1003.cafe.ingredients.Coffee.&lt;init&gt;(Coffee.java:10)
	at uk.ac.sheffield.com1003.cafe.ingredients.Coffee.&lt;init&gt;(Coffee.java:10)
	at uk.ac.sheffield.com1003.cafe.ingredients.Coffee.&lt;init&gt;(Coffee.java:10)
	at uk.ac.sheffield.com1003.cafe.ingredients.Coffee.&lt;init&gt;(Coffee.java:10)
	at uk.ac.sheffield.com1003.cafe.ingredients.Coffee.&lt;init&gt;(Coffee.java:10)
	at uk.ac.sheffield.com1003.cafe.ingredients.Coffee.&lt;init&gt;(Coffee.java:10)
	at uk.ac.sheffield.com1003.cafe.ingredients.Coffee.&lt;init&gt;(Coffee.java:10)
	at uk.ac.sheffield.com1003.cafe.ingredients.Coffee.&lt;init&gt;(Coffee.java:10)
	at uk.ac.sheffield.com1003.cafe.ingredients.Coffee.&lt;init&gt;(Coffee.java:10)
	at uk.ac.sheffield.com1003.cafe.ingredients.Coffee.&lt;init&gt;(Coffee.java:10)
	at uk.ac.sheffield.com1003.cafe.ingredients.Coffee.&lt;init&gt;(Coffee.java:10)
	at uk.ac.sheffield.com1003.cafe.ingredients.Coffee.&lt;init&gt;(Coffee.java:10)
	at uk.ac.sheffield.com1003.cafe.ingredients.Coffee.&lt;init&gt;(Coffee.java:10)
	at uk.ac.sheffield.com1003.cafe.ingredients.Coffee.&lt;init&gt;(Coffee.java:10)
	at uk.ac.sheffield.com1003.cafe.ingredients.Coffee.&lt;init&gt;(Coffee.java:10)
	at uk.ac.sheffield.com1003.cafe.ingredients.Coffee.&lt;init&gt;(Coffee.java:10)
	at uk.ac.sheffield.com1003.cafe.ingredients.Coffee.&lt;init&gt;(Coffee.java:10)
	at uk.ac.sheffield.com1003.cafe.ingredients.Coffee.&lt;init&gt;(Coffee.java:10)
	at uk.ac.sheffield.com1003.cafe.ingredients.Coffee.&lt;init&gt;(Coffee.java:10)
	at uk.ac.sheffield.com1003.cafe.ingredients.Coffee.&lt;init&gt;(Coffee.java:10)
	at uk.ac.sheffield.com1003.cafe.ingredients.Coffee.&lt;init&gt;(Coffee.java:10)
	at uk.ac.sheffield.com1003.cafe.ingredients.Coffee.&lt;init&gt;(Coffee.java:10)
	at uk.ac.sheffield.com1003.cafe.ingredients.Coffee.&lt;init&gt;(Coffee.java:10)
	at uk.ac.sheffield.com1003.cafe.ingredients.Coffee.&lt;init&gt;(Coffee.java:10)
	at uk.ac.sheffield.com1003.cafe.ingredients.Coffee.&lt;init&gt;(Coffee.java:10)
	at uk.ac.sheffield.com1003.cafe.ingredients.Coffee.&lt;init&gt;(Coffee.java:10)
	at uk.ac.sheffield.com1003.cafe.ingredients.Coffee.&lt;init&gt;(Coffee.java:10)
	at uk.ac.sheffield.com1003.cafe.ingredients.Coffee.&lt;init&gt;(Coffee.java:10)
	at uk.ac.sheffield.com1003.cafe.ingredients.Coffee.&lt;init&gt;(Coffee.java:10)
	at uk.ac.sheffield.com1003.cafe.ingredients.Coffee.&lt;init&gt;(Coffee.java:10)
	at uk.ac.sheffield.com1003.cafe.ingredients.Coffee.&lt;init&gt;(Coffee.java:10)
	at uk.ac.sheffield.com1003.cafe.ingredients.Coffee.&lt;init&gt;(Coffee.java:10)
	at uk.ac.sheffield.com1003.cafe.ingredients.Coffee.&lt;init&gt;(Coffee.java:10)
	at uk.ac.sheffield.com1003.cafe.ingredients.Coffee.&lt;init&gt;(Coffee.java:10)
	at uk.ac.sheffield.com1003.cafe.ingredients.Coffee.&lt;init&gt;(Coffee.java:10)
	at uk.ac.sheffield.com1003.cafe.ingredients.Coffee.&lt;init&gt;(Coffee.java:10)
	at uk.ac.sheffield.com1003.cafe.ingredients.Coffee.&lt;init&gt;(Coffee.java:10)
	at uk.ac.sheffield.com1003.cafe.ingredients.Coffee.&lt;init&gt;(Coffee.java:10)
	at uk.ac.sheffield.com1003.cafe.ingredients.Coffee.&lt;init&gt;(Coffee.java:10)
	at uk.ac.sheffield.com1003.cafe.ingredients.Coffee.&lt;init&gt;(Coffee.java:10)
	at uk.ac.sheffield.com1003.cafe.ingredients.Coffee.&lt;init&gt;(Coffee.java:10)
	at uk.ac.sheffield.com1003.cafe.ingredients.Coffee.&lt;init&gt;(Coffee.java:10)
	at uk.ac.sheffield.com1003.cafe.ingredients.Coffee.&lt;init&gt;(Coffee.java:10)
	at uk.ac.sheffield.com1003.cafe.ingredients.Coffee.&lt;init&gt;(Coffee.java:10)
	at uk.ac.sheffield.com1003.cafe.ingredients.Coffee.&lt;init&gt;(Coffee.java:10)
	at uk.ac.sheffield.com1003.cafe.ingredients.Coffee.&lt;init&gt;(Coffee.java:10)
	at uk.ac.sheffield.com1003.cafe.ingredients.Coffee.&lt;init&gt;(Coffee.java:10)
	at uk.ac.sheffield.com1003.cafe.ingredients.Coffee.&lt;init&gt;(Coffee.java:10)
	at uk.ac.sheffield.com1003.cafe.ingredients.Coffee.&lt;init&gt;(Coffee.java:10)
	at uk.ac.sheffield.com1003.cafe.ingredients.Coffee.&lt;init&gt;(Coffee.java:10)
	at uk.ac.sheffield.com1003.cafe.ingredients.Coffee.&lt;init&gt;(Coffee.java:10)
	at uk.ac.sheffield.com1003.cafe.ingredients.Coffee.&lt;init&gt;(Coffee.java:10)
	at uk.ac.sheffield.com1003.cafe.ingredients.Coffee.&lt;init&gt;(Coffee.java:10)
	at uk.ac.sheffield.com1003.cafe.ingredients.Coffee.&lt;init&gt;(Coffee.java:10)
	at uk.ac.sheffield.com1003.cafe.ingredients.Coffee.&lt;init&gt;(Coffee.java:10)
	at uk.ac.sheffield.com1003.cafe.ingredients.Coffee.&lt;init&gt;(Coffee.java:10)
	at uk.ac.sheffield.com1003.cafe.ingredients.Coffee.&lt;init&gt;(Coffee.java:10)
	at uk.ac.sheffield.com1003.cafe.ingredients.Coffee.&lt;init&gt;(Coffee.java:10)
	at uk.ac.sheffield.com1003.cafe.ingredients.Coffee.&lt;init&gt;(Coffee.java:10)
	at uk.ac.sheffield.com1003.cafe.ingredients.Coffee.&lt;init&gt;(Coffee.java:10)
	at uk.ac.sheffield.com1003.cafe.ingredients.Coffee.&lt;init&gt;(Coffee.java:10)
	at uk.ac.sheffield.com1003.cafe.ingredients.Coffee.&lt;init&gt;(Coffee.java:10)
	at uk.ac.sheffield.com1003.cafe.ingredients.Coffee.&lt;init&gt;(Coffee.java:10)
	at uk.ac.sheffield.com1003.cafe.ingredients.Coffee.&lt;init&gt;(Coffee.java:10)
	at uk.ac.sheffield.com1003.cafe.ingredients.Coffee.&lt;init&gt;(Coffee.java:10)
	at uk.ac.sheffield.com1003.cafe.ingredients.Coffee.&lt;init&gt;(Coffee.java:10)
	at uk.ac.sheffield.com1003.cafe.ingredients.Coffee.&lt;init&gt;(Coffee.java:10)
	at uk.ac.sheffield.com1003.cafe.ingredients.Coffee.&lt;init&gt;(Coffee.java:10)
	at uk.ac.sheffield.com1003.cafe.ingredients.Coffee.&lt;init&gt;(Coffee.java:10)
	at uk.ac.sheffield.com1003.cafe.ingredients.Coffee.&lt;init&gt;(Coffee.java:10)
	at uk.ac.sheffield.com1003.cafe.ingredients.Coffee.&lt;init&gt;(Coffee.java:10)
	at uk.ac.sheffield.com1003.cafe.ingredients.Coffee.&lt;init&gt;(Coffee.java:10)
	at uk.ac.sheffield.com1003.cafe.ingredients.Coffee.&lt;init&gt;(Coffee.java:10)
	at uk.ac.sheffield.com1003.cafe.ingredients.Coffee.&lt;init&gt;(Coffee.java:10)
	at uk.ac.sheffield.com1003.cafe.ingredients.Coffee.&lt;init&gt;(Coffee.java:10)
	at uk.ac.sheffield.com1003.cafe.ingredients.Coffee.&lt;init&gt;(Coffee.java:10)
	at uk.ac.sheffield.com1003.cafe.ingredients.Coffee.&lt;init&gt;(Coffee.java:10)
	at uk.ac.sheffield.com1003.cafe.ingredients.Coffee.&lt;init&gt;(Coffee.java:10)
	at uk.ac.sheffield.com1003.cafe.ingredients.Coffee.&lt;init&gt;(Coffee.java:10)
	at uk.ac.sheffield.com1003.cafe.ingredients.Coffee.&lt;init&gt;(Coffee.java:10)
	at uk.ac.sheffield.com1003.cafe.ingredients.Coffee.&lt;init&gt;(Coffee.java:10)
	at uk.ac.sheffield.com1003.cafe.ingredients.Coffee.&lt;init&gt;(Coffee.java:10)
	at uk.ac.sheffield.com1003.cafe.ingredients.Coffee.&lt;init&gt;(Coffee.java:10)
	at uk.ac.sheffield.com1003.cafe.ingredients.Coffee.&lt;init&gt;(Coffee.java:10)
	at uk.ac.sheffield.com1003.cafe.ingredients.Coffee.&lt;init&gt;(Coffee.java:10)
	at uk.ac.sheffield.com1003.cafe.ingredients.Coffee.&lt;init&gt;(Coffee.java:10)
	at uk.ac.sheffield.com1003.cafe.ingredients.Coffee.&lt;init&gt;(Coffee.java:10)
	at uk.ac.sheffield.com1003.cafe.ingredients.Coffee.&lt;init&gt;(Coffee.java:10)
	at uk.ac.sheffield.com1003.cafe.ingredients.Coffee.&lt;init&gt;(Coffee.java:10)
	at uk.ac.sheffield.com1003.cafe.ingredients.Coffee.&lt;init&gt;(Coffee.java:10)
	at uk.ac.sheffield.com1003.cafe.ingredients.Coffee.&lt;init&gt;(Coffee.java:10)
	at uk.ac.sheffield.com1003.cafe.ingredients.Coffee.&lt;init&gt;(Coffee.java:10)
	at uk.ac.sheffield.com1003.cafe.ingredients.Coffee.&lt;init&gt;(Coffee.java:10)
	at uk.ac.sheffield.com1003.cafe.ingredients.Coffee.&lt;init&gt;(Coffee.java:10)
	at uk.ac.sheffield.com1003.cafe.ingredients.Coffee.&lt;init&gt;(Coffee.java:10)
	at uk.ac.sheffield.com1003.cafe.ingredients.Coffee.&lt;init&gt;(Coffee.java:10)
	at uk.ac.sheffield.com1003.cafe.ingredients.Coffee.&lt;init&gt;(Coffee.java:10)
	at uk.ac.sheffield.com1003.cafe.ingredients.Coffee.&lt;init&gt;(Coffee.java:10)
	at uk.ac.sheffield.com1003.cafe.ingredients.Coffee.&lt;init&gt;(Coffee.java:10)
	at uk.ac.sheffield.com1003.cafe.ingredients.Coffee.&lt;init&gt;(Coffee.java:10)
	at uk.ac.sheffield.com1003.cafe.ingredients.Coffee.&lt;init&gt;(Coffee.java:10)
	at uk.ac.sheffield.com1003.cafe.ingredients.Coffee.&lt;init&gt;(Coffee.java:10)
	at uk.ac.sheffield.com1003.cafe.ingredients.Coffee.&lt;init&gt;(Coffee.java:10)
	at uk.ac.sheffield.com1003.cafe.ingredients.Coffee.&lt;init&gt;(Coffee.java:10)
	at uk.ac.sheffield.com1003.cafe.ingredients.Coffee.&lt;init&gt;(Coffee.java:10)
	at uk.ac.sheffield.com1003.cafe.ingredients.Coffee.&lt;init&gt;(Coffee.java:10)
	at uk.ac.sheffield.com1003.cafe.ingredients.Coffee.&lt;init&gt;(Coffee.java:10)
	at uk.ac.sheffield.com1003.cafe.ingredients.Coffee.&lt;init&gt;(Coffee.java:10)
	at uk.ac.sheffield.com1003.cafe.ingredients.Coffee.&lt;init&gt;(Coffee.java:10)
	at uk.ac.sheffield.com1003.cafe.ingredients.Coffee.&lt;init&gt;(Coffee.java:10)
	at uk.ac.sheffield.com1003.cafe.ingredients.Coffee.&lt;init&gt;(Coffee.java:10)
	at uk.ac.sheffield.com1003.cafe.ingredients.Coffee.&lt;init&gt;(Coffee.java:10)
	at uk.ac.sheffield.com1003.cafe.ingredients.Coffee.&lt;init&gt;(Coffee.java:10)
	at uk.ac.sheffield.com1003.cafe.ingredients.Coffee.&lt;init&gt;(Coffee.java:10)
	at uk.ac.sheffield.com1003.cafe.ingredients.Coffee.&lt;init&gt;(Coffee.java:10)
	at uk.ac.sheffield.com1003.cafe.ingredients.Coffee.&lt;init&gt;(Coffee.java:10)
	at uk.ac.sheffield.com1003.cafe.ingredients.Coffee.&lt;init&gt;(Coffee.java:10)
	at uk.ac.sheffield.com1003.cafe.ingredients.Coffee.&lt;init&gt;(Coffee.java:10)
	at uk.ac.sheffield.com1003.cafe.ingredients.Coffee.&lt;init&gt;(Coffee.java:10)
	at uk.ac.sheffield.com1003.cafe.ingredients.Coffee.&lt;init&gt;(Coffee.java:10)
	at uk.ac.sheffield.com1003.cafe.ingredients.Coffee.&lt;init&gt;(Coffee.java:10)
	at uk.ac.sheffield.com1003.cafe.ingredients.Coffee.&lt;init&gt;(Coffee.java:10)
	at uk.ac.sheffield.com1003.cafe.ingredients.Coffee.&lt;init&gt;(Coffee.java:10)
	at uk.ac.sheffield.com1003.cafe.ingredients.Coffee.&lt;init&gt;(Coffee.java:10)
	at uk.ac.sheffield.com1003.cafe.ingredients.Coffee.&lt;init&gt;(Coffee.java:10)
	at uk.ac.sheffield.com1003.cafe.ingredients.Coffee.&lt;init&gt;(Coffee.java:10)
	at uk.ac.sheffield.com1003.cafe.ingredients.Coffee.&lt;init&gt;(Coffee.java:10)
	at uk.ac.sheffield.com1003.cafe.ingredients.Coffee.&lt;init&gt;(Coffee.java:10)
	at uk.ac.sheffield.com1003.cafe.ingredients.Coffee.&lt;init&gt;(Coffee.java:10)
	at uk.ac.sheffield.com1003.cafe.ingredients.Coffee.&lt;init&gt;(Coffee.java:10)
	at uk.ac.sheffield.com1003.cafe.ingredients.Coffee.&lt;init&gt;(Coffee.java:10)
	at uk.ac.sheffield.com1003.cafe.ingredients.Coffee.&lt;init&gt;(Coffee.java:10)
	at uk.ac.sheffield.com1003.cafe.ingredients.Coffee.&lt;init&gt;(Coffee.java:10)
	at uk.ac.sheffield.com1003.cafe.ingredients.Coffee.&lt;init&gt;(Coffee.java:10)
	at uk.ac.sheffield.com1003.cafe.ingredients.Coffee.&lt;init&gt;(Coffee.java:10)
	at uk.ac.sheffield.com1003.cafe.ingredients.Coffee.&lt;init&gt;(Coffee.java:10)
	at uk.ac.sheffield.com1003.cafe.ingredients.Coffee.&lt;init&gt;(Coffee.java:10)
	at uk.ac.sheffield.com1003.cafe.ingredients.Coffee.&lt;init&gt;(Coffee.java:10)
	at uk.ac.sheffield.com1003.cafe.ingredients.Coffee.&lt;init&gt;(Coffee.java:10)
	at uk.ac.sheffield.com1003.cafe.ingredients.Coffee.&lt;init&gt;(Coffee.java:10)
	at uk.ac.sheffield.com1003.cafe.ingredients.Coffee.&lt;init&gt;(Coffee.java:10)
	at uk.ac.sheffield.com1003.cafe.ingredients.Coffee.&lt;init&gt;(Coffee.java:10)
	at uk.ac.sheffield.com1003.cafe.ingredients.Coffee.&lt;init&gt;(Coffee.java:10)
	at uk.ac.sheffield.com1003.cafe.ingredients.Coffee.&lt;init&gt;(Coffee.java:10)
	at uk.ac.sheffield.com1003.cafe.ingredients.Coffee.&lt;init&gt;(Coffee.java:10)
	at uk.ac.sheffield.com1003.cafe.ingredients.Coffee.&lt;init&gt;(Coffee.java:10)
	at uk.ac.sheffield.com1003.cafe.ingredients.Coffee.&lt;init&gt;(Coffee.java:10)
	at uk.ac.sheffield.com1003.cafe.ingredients.Coffee.&lt;init&gt;(Coffee.java:10)
	at uk.ac.sheffield.com1003.cafe.ingredients.Coffee.&lt;init&gt;(Coffee.java:10)
	at uk.ac.sheffield.com1003.cafe.ingredients.Coffee.&lt;init&gt;(Coffee.java:10)
	at uk.ac.sheffield.com1003.cafe.ingredients.Coffee.&lt;init&gt;(Coffee.java:10)
	at uk.ac.sheffield.com1003.cafe.ingredients.Coffee.&lt;init&gt;(Coffee.java:10)
	at uk.ac.sheffield.com1003.cafe.ingredients.Coffee.&lt;init&gt;(Coffee.java:10)
	at uk.ac.sheffield.com1003.cafe.ingredients.Coffee.&lt;init&gt;(Coffee.java:10)
	at uk.ac.sheffield.com1003.cafe.ingredients.Coffee.&lt;init&gt;(Coffee.java:10)
	at uk.ac.sheffield.com1003.cafe.ingredients.Coffee.&lt;init&gt;(Coffee.java:10)
	at uk.ac.sheffield.com1003.cafe.ingredients.Coffee.&lt;init&gt;(Coffee.java:10)
	at uk.ac.sheffield.com1003.cafe.ingredients.Coffee.&lt;init&gt;(Coffee.java:10)
	at uk.ac.sheffield.com1003.cafe.ingredients.Coffee.&lt;init&gt;(Coffee.java:10)
	at uk.ac.sheffield.com1003.cafe.ingredients.Coffee.&lt;init&gt;(Coffee.java:10)
	at uk.ac.sheffield.com1003.cafe.ingredients.Coffee.&lt;init&gt;(Coffee.java:10)
	at uk.ac.sheffield.com1003.cafe.ingredients.Coffee.&lt;init&gt;(Coffee.java:10)
	at uk.ac.sheffield.com1003.cafe.ingredients.Coffee.&lt;init&gt;(Coffee.java:10)
	at uk.ac.sheffield.com1003.cafe.ingredients.Coffee.&lt;init&gt;(Coffee.java:10)
	at uk.ac.sheffield.com1003.cafe.ingredients.Coffee.&lt;init&gt;(Coffee.java:10)
	at uk.ac.sheffield.com1003.cafe.ingredients.Coffee.&lt;init&gt;(Coffee.java:10)
	at uk.ac.sheffield.com1003.cafe.ingredients.Coffee.&lt;init&gt;(Coffee.java:10)
	at uk.ac.sheffield.com1003.cafe.ingredients.Coffee.&lt;init&gt;(Coffee.java:10)
	at uk.ac.sheffield.com1003.cafe.ingredients.Coffee.&lt;init&gt;(Coffee.java:10)
	at uk.ac.sheffield.com1003.cafe.ingredients.Coffee.&lt;init&gt;(Coffee.java:10)
	at uk.ac.sheffield.com1003.cafe.ingredients.Coffee.&lt;init&gt;(Coffee.java:10)
	at uk.ac.sheffield.com1003.cafe.ingredients.Coffee.&lt;init&gt;(Coffee.java:10)
	at uk.ac.sheffield.com1003.cafe.ingredients.Coffee.&lt;init&gt;(Coffee.java:10)
	at uk.ac.sheffield.com1003.cafe.ingredients.Coffee.&lt;init&gt;(Coffee.java:10)
	at uk.ac.sheffield.com1003.cafe.ingredients.Coffee.&lt;init&gt;(Coffee.java:10)
	at uk.ac.sheffield.com1003.cafe.ingredients.Coffee.&lt;init&gt;(Coffee.java:10)
	at uk.ac.sheffield.com1003.cafe.ingredients.Coffee.&lt;init&gt;(Coffee.java:10)
	at uk.ac.sheffield.com1003.cafe.ingredients.Coffee.&lt;init&gt;(Coffee.java:10)
	at uk.ac.sheffield.com1003.cafe.ingredients.Coffee.&lt;init&gt;(Coffee.java:10)
	at uk.ac.sheffield.com1003.cafe.ingredients.Coffee.&lt;init&gt;(Coffee.java:10)
	at uk.ac.sheffield.com1003.cafe.ingredients.Coffee.&lt;init&gt;(Coffee.java:10)
	at uk.ac.sheffield.com1003.cafe.ingredients.Coffee.&lt;init&gt;(Coffee.java:10)
	at uk.ac.sheffield.com1003.cafe.ingredients.Coffee.&lt;init&gt;(Coffee.java:10)
	at uk.ac.sheffield.com1003.cafe.ingredients.Coffee.&lt;init&gt;(Coffee.java:10)
	at uk.ac.sheffield.com1003.cafe.ingredients.Coffee.&lt;init&gt;(Coffee.java:10)
	at uk.ac.sheffield.com1003.cafe.ingredients.Coffee.&lt;init&gt;(Coffee.java:10)
	at uk.ac.sheffield.com1003.cafe.ingredients.Coffee.&lt;init&gt;(Coffee.java:10)
	at uk.ac.sheffield.com1003.cafe.ingredients.Coffee.&lt;init&gt;(Coffee.java:10)
	at uk.ac.sheffield.com1003.cafe.ingredients.Coffee.&lt;init&gt;(Coffee.java:10)
	at uk.ac.sheffield.com1003.cafe.ingredients.Coffee.&lt;init&gt;(Coffee.java:10)
	at uk.ac.sheffield.com1003.cafe.ingredients.Coffee.&lt;init&gt;(Coffee.java:10)
	at uk.ac.sheffield.com1003.cafe.ingredients.Coffee.&lt;init&gt;(Coffee.java:10)
	at uk.ac.sheffield.com1003.cafe.ingredients.Coffee.&lt;init&gt;(Coffee.java:10)
	at uk.ac.sheffield.com1003.cafe.ingredients.Coffee.&lt;init&gt;(Coffee.java:10)
	at uk.ac.sheffield.com1003.cafe.ingredients.Coffee.&lt;init&gt;(Coffee.java:10)
	at uk.ac.sheffield.com1003.cafe.ingredients.Coffee.&lt;init&gt;(Coffee.java:10)
	at uk.ac.sheffield.com1003.cafe.ingredients.Coffee.&lt;init&gt;(Coffee.java:10)
	at uk.ac.sheffield.com1003.cafe.ingredients.Coffee.&lt;init&gt;(Coffee.java:10)
	at uk.ac.sheffield.com1003.cafe.ingredients.Coffee.&lt;init&gt;(Coffee.java:10)
	at uk.ac.sheffield.com1003.cafe.ingredients.Coffee.&lt;init&gt;(Coffee.java:10)
	at uk.ac.sheffield.com1003.cafe.ingredients.Coffee.&lt;init&gt;(Coffee.java:10)
	at uk.ac.sheffield.com1003.cafe.ingredients.Coffee.&lt;init&gt;(Coffee.java:10)
	at uk.ac.sheffield.com1003.cafe.ingredients.Coffee.&lt;init&gt;(Coffee.java:10)
	at uk.ac.sheffield.com1003.cafe.ingredients.Coffee.&lt;init&gt;(Coffee.java:10)
	at uk.ac.sheffield.com1003.cafe.ingredients.Coffee.&lt;init&gt;(Coffee.java:10)
	at uk.ac.sheffield.com1003.cafe.ingredients.Coffee.&lt;init&gt;(Coffee.java:10)
	at uk.ac.sheffield.com1003.cafe.ingredients.Coffee.&lt;init&gt;(Coffee.java:10)
	at uk.ac.sheffield.com1003.cafe.ingredients.Coffee.&lt;init&gt;(Coffee.java:10)
	at uk.ac.sheffield.com1003.cafe.ingredients.Coffee.&lt;init&gt;(Coffee.java:10)
	at uk.ac.sheffield.com1003.cafe.ingredients.Coffee.&lt;init&gt;(Coffee.java:10)
	at uk.ac.sheffield.com1003.cafe.ingredients.Coffee.&lt;init&gt;(Coffee.java:10)
	at uk.ac.sheffield.com1003.cafe.ingredients.Coffee.&lt;init&gt;(Coffee.java:10)
	at uk.ac.sheffield.com1003.cafe.ingredients.Coffee.&lt;init&gt;(Coffee.java:10)
	at uk.ac.sheffield.com1003.cafe.ingredients.Coffee.&lt;init&gt;(Coffee.java:10)
	at uk.ac.sheffield.com1003.cafe.ingredients.Coffee.&lt;init&gt;(Coffee.java:10)
	at uk.ac.sheffield.com1003.cafe.ingredients.Coffee.&lt;init&gt;(Coffee.java:10)
	at uk.ac.sheffield.com1003.cafe.ingredients.Coffee.&lt;init&gt;(Coffee.java:10)
	at uk.ac.sheffield.com1003.cafe.ingredients.Coffee.&lt;init&gt;(Coffee.java:10)
	at uk.ac.sheffield.com1003.cafe.ingredients.Coffee.&lt;init&gt;(Coffee.java:10)
	at uk.ac.sheffield.com1003.cafe.ingredients.Coffee.&lt;init&gt;(Coffee.java:10)
	at uk.ac.sheffield.com1003.cafe.ingredients.Coffee.&lt;init&gt;(Coffee.java:10)
	at uk.ac.sheffield.com1003.cafe.ingredients.Coffee.&lt;init&gt;(Coffee.java:10)
	at uk.ac.sheffield.com1003.cafe.ingredients.Coffee.&lt;init&gt;(Coffee.java:10)
	at uk.ac.sheffield.com1003.cafe.ingredients.Coffee.&lt;init&gt;(Coffee.java:10)
	at uk.ac.sheffield.com1003.cafe.ingredients.Coffee.&lt;init&gt;(Coffee.java:10)
	at uk.ac.sheffield.com1003.cafe.ingredients.Coffee.&lt;init&gt;(Coffee.java:10)
	at uk.ac.sheffield.com1003.cafe.ingredients.Coffee.&lt;init&gt;(Coffee.java:10)
	at uk.ac.sheffield.com1003.cafe.ingredients.Coffee.&lt;init&gt;(Coffee.java:10)
	at uk.ac.sheffield.com1003.cafe.ingredients.Coffee.&lt;init&gt;(Coffee.java:10)
	at uk.ac.sheffield.com1003.cafe.ingredients.Coffee.&lt;init&gt;(Coffee.java:10)
	at uk.ac.sheffield.com1003.cafe.ingredients.Coffee.&lt;init&gt;(Coffee.java:10)
	at uk.ac.sheffield.com1003.cafe.ingredients.Coffee.&lt;init&gt;(Coffee.java:10)
	at uk.ac.sheffield.com1003.cafe.ingredients.Coffee.&lt;init&gt;(Coffee.java:10)
	at uk.ac.sheffield.com1003.cafe.ingredients.Coffee.&lt;init&gt;(Coffee.java:10)
	at uk.ac.sheffield.com1003.cafe.ingredients.Coffee.&lt;init&gt;(Coffee.java:10)
	at uk.ac.sheffield.com1003.cafe.ingredients.Coffee.&lt;init&gt;(Coffee.java:10)
	at uk.ac.sheffield.com1003.cafe.ingredients.Coffee.&lt;init&gt;(Coffee.java:10)
	at uk.ac.sheffield.com1003.cafe.ingredients.Coffee.&lt;init&gt;(Coffee.java:10)
	at uk.ac.sheffield.com1003.cafe.ingredients.Coffee.&lt;init&gt;(Coffee.java:10)
	at uk.ac.sheffield.com1003.cafe.ingredients.Coffee.&lt;init&gt;(Coffee.java:10)
	at uk.ac.sheffield.com1003.cafe.ingredients.Coffee.&lt;init&gt;(Coffee.java:10)
	at uk.ac.sheffield.com1003.cafe.ingredients.Coffee.&lt;init&gt;(Coffee.java:10)
	at uk.ac.sheffield.com1003.cafe.ingredients.Coffee.&lt;init&gt;(Coffee.java:10)
	at uk.ac.sheffield.com1003.cafe.ingredients.Coffee.&lt;init&gt;(Coffee.java:10)
	at uk.ac.sheffield.com1003.cafe.ingredients.Coffee.&lt;init&gt;(Coffee.java:10)
	at uk.ac.sheffield.com1003.cafe.ingredients.Coffee.&lt;init&gt;(Coffee.java:10)
	at uk.ac.sheffield.com1003.cafe.ingredients.Coffee.&lt;init&gt;(Coffee.java:10)
	at uk.ac.sheffield.com1003.cafe.ingredients.Coffee.&lt;init&gt;(Coffee.java:10)
	at uk.ac.sheffield.com1003.cafe.ingredients.Coffee.&lt;init&gt;(Coffee.java:10)
	at uk.ac.sheffield.com1003.cafe.ingredients.Coffee.&lt;init&gt;(Coffee.java:10)
	at uk.ac.sheffield.com1003.cafe.ingredients.Coffee.&lt;init&gt;(Coffee.java:10)
	at uk.ac.sheffield.com1003.cafe.ingredients.Coffee.&lt;init&gt;(Coffee.java:10)
	at uk.ac.sheffield.com1003.cafe.ingredients.Coffee.&lt;init&gt;(Coffee.java:10)
	at uk.ac.sheffield.com1003.cafe.ingredients.Coffee.&lt;init&gt;(Coffee.java:10)
	at uk.ac.sheffield.com1003.cafe.ingredients.Coffee.&lt;init&gt;(Coffee.java:10)
	at uk.ac.sheffield.com1003.cafe.ingredients.Coffee.&lt;init&gt;(Coffee.java:10)
	at uk.ac.sheffield.com1003.cafe.ingredients.Coffee.&lt;init&gt;(Coffee.java:10)
	at uk.ac.sheffield.com1003.cafe.ingredients.Coffee.&lt;init&gt;(Coffee.java:10)
	at uk.ac.sheffield.com1003.cafe.ingredients.Coffee.&lt;init&gt;(Coffee.java:10)
	at uk.ac.sheffield.com1003.cafe.ingredients.Coffee.&lt;init&gt;(Coffee.java:10)
	at uk.ac.sheffield.com1003.cafe.ingredients.Coffee.&lt;init&gt;(Coffee.java:10)
	at uk.ac.sheffield.com1003.cafe.ingredients.Coffee.&lt;init&gt;(Coffee.java:10)
	at uk.ac.sheffield.com1003.cafe.ingredients.Coffee.&lt;init&gt;(Coffee.java:10)
	at uk.ac.sheffield.com1003.cafe.ingredients.Coffee.&lt;init&gt;(Coffee.java:10)
	at uk.ac.sheffield.com1003.cafe.ingredients.Coffee.&lt;init&gt;(Coffee.java:10)
	at uk.ac.sheffield.com1003.cafe.ingredients.Coffee.&lt;init&gt;(Coffee.java:10)
	at uk.ac.sheffield.com1003.cafe.ingredients.Coffee.&lt;init&gt;(Coffee.java:10)
	at uk.ac.sheffield.com1003.cafe.ingredients.Coffee.&lt;init&gt;(Coffee.java:10)
	at uk.ac.sheffield.com1003.cafe.ingredients.Coffee.&lt;init&gt;(Coffee.java:10)
	at uk.ac.sheffield.com1003.cafe.ingredients.Coffee.&lt;init&gt;(Coffee.java:10)
	at uk.ac.sheffield.com1003.cafe.ingredients.Coffee.&lt;init&gt;(Coffee.java:10)
	at uk.ac.sheffield.com1003.cafe.ingredients.Coffee.&lt;init&gt;(Coffee.java:10)
	at uk.ac.sheffield.com1003.cafe.ingredients.Coffee.&lt;init&gt;(Coffee.java:10)
	at uk.ac.sheffield.com1003.cafe.ingredients.Coffee.&lt;init&gt;(Coffee.java:10)
	at uk.ac.sheffield.com1003.cafe.ingredients.Coffee.&lt;init&gt;(Coffee.java:10)
	at uk.ac.sheffield.com1003.cafe.ingredients.Coffee.&lt;init&gt;(Coffee.java:10)
	at uk.ac.sheffield.com1003.cafe.ingredients.Coffee.&lt;init&gt;(Coffee.java:10)
	at uk.ac.sheffield.com1003.cafe.ingredients.Coffee.&lt;init&gt;(Coffee.java:10)
	at uk.ac.sheffield.com1003.cafe.ingredients.Coffee.&lt;init&gt;(Coffee.java:10)
	at uk.ac.sheffield.com1003.cafe.ingredients.Coffee.&lt;init&gt;(Coffee.java:10)
	at uk.ac.sheffield.com1003.cafe.ingredients.Coffee.&lt;init&gt;(Coffee.java:10)
	at uk.ac.sheffield.com1003.cafe.ingredients.Coffee.&lt;init&gt;(Coffee.java:10)
	at uk.ac.sheffield.com1003.cafe.ingredients.Coffee.&lt;init&gt;(Coffee.java:10)
	at uk.ac.sheffield.com1003.cafe.ingredients.Coffee.&lt;init&gt;(Coffee.java:10)
	at uk.ac.sheffield.com1003.cafe.ingredients.Coffee.&lt;init&gt;(Coffee.java:10)
	at uk.ac.sheffield.com1003.cafe.ingredients.Coffee.&lt;init&gt;(Coffee.java:10)
	at uk.ac.sheffield.com1003.cafe.ingredients.Coffee.&lt;init&gt;(Coffee.java:10)
	at uk.ac.sheffield.com1003.cafe.ingredients.Coffee.&lt;init&gt;(Coffee.java:10)
	at uk.ac.sheffield.com1003.cafe.ingredients.Coffee.&lt;init&gt;(Coffee.java:10)
	at uk.ac.sheffield.com1003.cafe.ingredients.Coffee.&lt;init&gt;(Coffee.java:10)
	at uk.ac.sheffield.com1003.cafe.ingredients.Coffee.&lt;init&gt;(Coffee.java:10)
	at uk.ac.sheffield.com1003.cafe.ingredients.Coffee.&lt;init&gt;(Coffee.java:10)
	at uk.ac.sheffield.com1003.cafe.ingredients.Coffee.&lt;init&gt;(Coffee.java:10)
	at uk.ac.sheffield.com1003.cafe.ingredients.Coffee.&lt;init&gt;(Coffee.java:10)
	at uk.ac.sheffield.com1003.cafe.ingredients.Coffee.&lt;init&gt;(Coffee.java:10)
	at uk.ac.sheffield.com1003.cafe.ingredients.Coffee.&lt;init&gt;(Coffee.java:10)
	at uk.ac.sheffield.com1003.cafe.ingredients.Coffee.&lt;init&gt;(Coffee.java:10)
	at uk.ac.sheffield.com1003.cafe.ingredients.Coffee.&lt;init&gt;(Coffee.java:10)
	at uk.ac.sheffield.com1003.cafe.ingredients.Coffee.&lt;init&gt;(Coffee.java:10)
	at uk.ac.sheffield.com1003.cafe.ingredients.Coffee.&lt;init&gt;(Coffee.java:10)
	at uk.ac.sheffield.com1003.cafe.ingredients.Coffee.&lt;init&gt;(Coffee.java:10)
	at uk.ac.sheffield.com1003.cafe.ingredients.Coffee.&lt;init&gt;(Coffee.java:10)
	at uk.ac.sheffield.com1003.cafe.ingredients.Coffee.&lt;init&gt;(Coffee.java:10)
	at uk.ac.sheffield.com1003.cafe.ingredients.Coffee.&lt;init&gt;(Coffee.java:10)
	at uk.ac.sheffield.com1003.cafe.ingredients.Coffee.&lt;init&gt;(Coffee.java:10)
	at uk.ac.sheffield.com1003.cafe.ingredients.Coffee.&lt;init&gt;(Coffee.java:10)
	at uk.ac.sheffield.com1003.cafe.ingredients.Coffee.&lt;init&gt;(Coffee.java:10)
	at uk.ac.sheffield.com1003.cafe.ingredients.Coffee.&lt;init&gt;(Coffee.java:10)
	at uk.ac.sheffield.com1003.cafe.ingredients.Coffee.&lt;init&gt;(Coffee.java:10)
	at uk.ac.sheffield.com1003.cafe.ingredients.Coffee.&lt;init&gt;(Coffee.java:10)
	at uk.ac.sheffield.com1003.cafe.ingredients.Coffee.&lt;init&gt;(Coffee.java:10)
	at uk.ac.sheffield.com1003.cafe.ingredients.Coffee.&lt;init&gt;(Coffee.java:10)
	at uk.ac.sheffield.com1003.cafe.ingredients.Coffee.&lt;init&gt;(Coffee.java:10)
	at uk.ac.sheffield.com1003.cafe.ingredients.Coffee.&lt;init&gt;(Coffee.java:10)
	at uk.ac.sheffield.com1003.cafe.ingredients.Coffee.&lt;init&gt;(Coffee.java:10)
	at uk.ac.sheffield.com1003.cafe.ingredients.Coffee.&lt;init&gt;(Coffee.java:10)
	at uk.ac.sheffield.com1003.cafe.ingredients.Coffee.&lt;init&gt;(Coffee.java:10)
	at uk.ac.sheffield.com1003.cafe.ingredients.Coffee.&lt;init&gt;(Coffee.java:10)
	at uk.ac.sheffield.com1003.cafe.ingredients.Coffee.&lt;init&gt;(Coffee.java:10)
	at uk.ac.sheffield.com1003.cafe.ingredients.Coffee.&lt;init&gt;(Coffee.java:10)
	at uk.ac.sheffield.com1003.cafe.ingredients.Coffee.&lt;init&gt;(Coffee.java:10)
	at uk.ac.sheffield.com1003.cafe.ingredients.Coffee.&lt;init&gt;(Coffee.java:10)
	at uk.ac.sheffield.com1003.cafe.ingredients.Coffee.&lt;init&gt;(Coffee.java:10)
	at uk.ac.sheffield.com1003.cafe.ingredients.Coffee.&lt;init&gt;(Coffee.java:10)
	at uk.ac.sheffield.com1003.cafe.ingredients.Coffee.&lt;init&gt;(Coffee.java:10)
	at uk.ac.sheffield.com1003.cafe.ingredients.Coffee.&lt;init&gt;(Coffee.java:10)
	at uk.ac.sheffield.com1003.cafe.ingredients.Coffee.&lt;init&gt;(Coffee.java:10)
	at uk.ac.sheffield.com1003.cafe.ingredients.Coffee.&lt;init&gt;(Coffee.java:10)
	at uk.ac.sheffield.com1003.cafe.ingredients.Coffee.&lt;init&gt;(Coffee.java:10)
	at uk.ac.sheffield.com1003.cafe.ingredients.Coffee.&lt;init&gt;(Coffee.java:10)
	at uk.ac.sheffield.com1003.cafe.ingredients.Coffee.&lt;init&gt;(Coffee.java:10)
	at uk.ac.sheffield.com1003.cafe.ingredients.Coffee.&lt;init&gt;(Coffee.java:10)
	at uk.ac.sheffield.com1003.cafe.ingredients.Coffee.&lt;init&gt;(Coffee.java:10)
	at uk.ac.sheffield.com1003.cafe.ingredients.Coffee.&lt;init&gt;(Coffee.java:10)
	at uk.ac.sheffield.com1003.cafe.ingredients.Coffee.&lt;init&gt;(Coffee.java:10)
	at uk.ac.sheffield.com1003.cafe.ingredients.Coffee.&lt;init&gt;(Coffee.java:10)
	at uk.ac.sheffield.com1003.cafe.ingredients.Coffee.&lt;init&gt;(Coffee.java:10)
	at uk.ac.sheffield.com1003.cafe.ingredients.Coffee.&lt;init&gt;(Coffee.java:10)
	at uk.ac.sheffield.com1003.cafe.ingredients.Coffee.&lt;init&gt;(Coffee.java:10)
	at uk.ac.sheffield.com1003.cafe.ingredients.Coffee.&lt;init&gt;(Coffee.java:10)
	at uk.ac.sheffield.com1003.cafe.ingredients.Coffee.&lt;init&gt;(Coffee.java:10)
	at uk.ac.sheffield.com1003.cafe.ingredients.Coffee.&lt;init&gt;(Coffee.java:10)
	at uk.ac.sheffield.com1003.cafe.ingredients.Coffee.&lt;init&gt;(Coffee.java:10)
	at uk.ac.sheffield.com1003.cafe.ingredients.Coffee.&lt;init&gt;(Coffee.java:10)
	at uk.ac.sheffield.com1003.cafe.ingredients.Coffee.&lt;init&gt;(Coffee.java:10)
	at uk.ac.sheffield.com1003.cafe.ingredients.Coffee.&lt;init&gt;(Coffee.java:10)
	at uk.ac.sheffield.com1003.cafe.ingredients.Coffee.&lt;init&gt;(Coffee.java:10)
	at uk.ac.sheffield.com1003.cafe.ingredients.Coffee.&lt;init&gt;(Coffee.java:10)
	at uk.ac.sheffield.com1003.cafe.ingredients.Coffee.&lt;init&gt;(Coffee.java:10)
	at uk.ac.sheffield.com1003.cafe.ingredients.Coffee.&lt;init&gt;(Coffee.java:10)
	at uk.ac.sheffield.com1003.cafe.ingredients.Coffee.&lt;init&gt;(Coffee.java:10)
	at uk.ac.sheffield.com1003.cafe.ingredients.Coffee.&lt;init&gt;(Coffee.java:10)
	at uk.ac.sheffield.com1003.cafe.ingredients.Coffee.&lt;init&gt;(Coffee.java:10)
	at uk.ac.sheffield.com1003.cafe.ingredients.Coffee.&lt;init&gt;(Coffee.java:10)
	at uk.ac.sheffield.com1003.cafe.ingredients.Coffee.&lt;init&gt;(Coffee.java:10)
	at uk.ac.sheffield.com1003.cafe.ingredients.Coffee.&lt;init&gt;(Coffee.java:10)
	at uk.ac.sheffield.com1003.cafe.ingredients.Coffee.&lt;init&gt;(Coffee.java:10)
	at uk.ac.sheffield.com1003.cafe.ingredients.Coffee.&lt;init&gt;(Coffee.java:10)
	at uk.ac.sheffield.com1003.cafe.ingredients.Coffee.&lt;init&gt;(Coffee.java:10)
	at uk.ac.sheffield.com1003.cafe.ingredients.Coffee.&lt;init&gt;(Coffee.java:10)
	at uk.ac.sheffield.com1003.cafe.ingredients.Coffee.&lt;init&gt;(Coffee.java:10)
	at uk.ac.sheffield.com1003.cafe.ingredients.Coffee.&lt;init&gt;(Coffee.java:10)
	at uk.ac.sheffield.com1003.cafe.ingredients.Coffee.&lt;init&gt;(Coffee.java:10)
	at uk.ac.sheffield.com1003.cafe.ingredients.Coffee.&lt;init&gt;(Coffee.java:10)
	at uk.ac.sheffield.com1003.cafe.ingredients.Coffee.&lt;init&gt;(Coffee.java:10)
	at uk.ac.sheffield.com1003.cafe.ingredients.Coffee.&lt;init&gt;(Coffee.java:10)
	at uk.ac.sheffield.com1003.cafe.ingredients.Coffee.&lt;init&gt;(Coffee.java:10)
	at uk.ac.sheffield.com1003.cafe.ingredients.Coffee.&lt;init&gt;(Coffee.java:10)
	at uk.ac.sheffield.com1003.cafe.ingredients.Coffee.&lt;init&gt;(Coffee.java:10)
	at uk.ac.sheffield.com1003.cafe.ingredients.Coffee.&lt;init&gt;(Coffee.java:10)
	at uk.ac.sheffield.com1003.cafe.ingredients.Coffee.&lt;init&gt;(Coffee.java:10)
	at uk.ac.sheffield.com1003.cafe.ingredients.Coffee.&lt;init&gt;(Coffee.java:10)
	at uk.ac.sheffield.com1003.cafe.ingredients.Coffee.&lt;init&gt;(Coffee.java:10)
	at uk.ac.sheffield.com1003.cafe.ingredients.Coffee.&lt;init&gt;(Coffee.java:10)
	at uk.ac.sheffield.com1003.cafe.ingredients.Coffee.&lt;init&gt;(Coffee.java:10)
	at uk.ac.sheffield.com1003.cafe.ingredients.Coffee.&lt;init&gt;(Coffee.java:10)
	at uk.ac.sheffield.com1003.cafe.ingredients.Coffee.&lt;init&gt;(Coffee.java:10)
	at uk.ac.sheffield.com1003.cafe.ingredients.Coffee.&lt;init&gt;(Coffee.java:10)
	at uk.ac.sheffield.com1003.cafe.ingredients.Coffee.&lt;init&gt;(Coffee.java:10)
	at uk.ac.sheffield.com1003.cafe.ingredients.Coffee.&lt;init&gt;(Coffee.java:10)
	at uk.ac.sheffield.com1003.cafe.ingredients.Coffee.&lt;init&gt;(Coffee.java:10)
	at uk.ac.sheffield.com1003.cafe.ingredients.Coffee.&lt;init&gt;(Coffee.java:10)
	at uk.ac.sheffield.com1003.cafe.ingredients.Coffee.&lt;init&gt;(Coffee.java:10)
	at uk.ac.sheffield.com1003.cafe.ingredients.Coffee.&lt;init&gt;(Coffee.java:10)
	at uk.ac.sheffield.com1003.cafe.ingredients.Coffee.&lt;init&gt;(Coffee.java:10)
	at uk.ac.sheffield.com1003.cafe.ingredients.Coffee.&lt;init&gt;(Coffee.java:10)
	at uk.ac.sheffield.com1003.cafe.ingredients.Coffee.&lt;init&gt;(Coffee.java:10)
	at uk.ac.sheffield.com1003.cafe.ingredients.Coffee.&lt;init&gt;(Coffee.java:10)
	at uk.ac.sheffield.com1003.cafe.ingredients.Coffee.&lt;init&gt;(Coffee.java:10)
	at uk.ac.sheffield.com1003.cafe.ingredients.Coffee.&lt;init&gt;(Coffee.java:10)
	at uk.ac.sheffield.com1003.cafe.ingredients.Coffee.&lt;init&gt;(Coffee.java:10)
	at uk.ac.sheffield.com1003.cafe.ingredients.Coffee.&lt;init&gt;(Coffee.java:10)
	at uk.ac.sheffield.com1003.cafe.ingredients.Coffee.&lt;init&gt;(Coffee.java:10)
	at uk.ac.sheffield.com1003.cafe.ingredients.Coffee.&lt;init&gt;(Coffee.java:10)
	at uk.ac.sheffield.com1003.cafe.ingredients.Coffee.&lt;init&gt;(Coffee.java:10)
	at uk.ac.sheffield.com1003.cafe.ingredients.Coffee.&lt;init&gt;(Coffee.java:10)
	at uk.ac.sheffield.com1003.cafe.ingredients.Coffee.&lt;init&gt;(Coffee.java:10)
	at uk.ac.sheffield.com1003.cafe.ingredients.Coffee.&lt;init&gt;(Coffee.java:10)
	at uk.ac.sheffield.com1003.cafe.ingredients.Coffee.&lt;init&gt;(Coffee.java:10)
	at uk.ac.sheffield.com1003.cafe.ingredients.Coffee.&lt;init&gt;(Coffee.java:10)
	at uk.ac.sheffield.com1003.cafe.ingredients.Coffee.&lt;init&gt;(Coffee.java:10)
	at uk.ac.sheffield.com1003.cafe.ingredients.Coffee.&lt;init&gt;(Coffee.java:10)
	at uk.ac.sheffield.com1003.cafe.ingredients.Coffee.&lt;init&gt;(Coffee.java:10)
	at uk.ac.sheffield.com1003.cafe.ingredients.Coffee.&lt;init&gt;(Coffee.java:10)
	at uk.ac.sheffield.com1003.cafe.ingredients.Coffee.&lt;init&gt;(Coffee.java:10)
	at uk.ac.sheffield.com1003.cafe.ingredients.Coffee.&lt;init&gt;(Coffee.java:10)
	at uk.ac.sheffield.com1003.cafe.ingredients.Coffee.&lt;init&gt;(Coffee.java:10)
	at uk.ac.sheffield.com1003.cafe.ingredients.Coffee.&lt;init&gt;(Coffee.java:10)
	at uk.ac.sheffield.com1003.cafe.ingredients.Coffee.&lt;init&gt;(Coffee.java:10)
	at uk.ac.sheffield.com1003.cafe.ingredients.Coffee.&lt;init&gt;(Coffee.java:10)
	at uk.ac.sheffield.com1003.cafe.ingredients.Coffee.&lt;init&gt;(Coffee.java:10)
	at uk.ac.sheffield.com1003.cafe.ingredients.Coffee.&lt;init&gt;(Coffee.java:10)
	at uk.ac.sheffield.com1003.cafe.ingredients.Coffee.&lt;init&gt;(Coffee.java:10)
	at uk.ac.sheffield.com1003.cafe.ingredients.Coffee.&lt;init&gt;(Coffee.java:10)
	at uk.ac.sheffield.com1003.cafe.ingredients.Coffee.&lt;init&gt;(Coffee.java:10)
	at uk.ac.sheffield.com1003.cafe.ingredients.Coffee.&lt;init&gt;(Coffee.java:10)
	at uk.ac.sheffield.com1003.cafe.ingredients.Coffee.&lt;init&gt;(Coffee.java:10)
	at uk.ac.sheffield.com1003.cafe.ingredients.Coffee.&lt;init&gt;(Coffee.java:10)
	at uk.ac.sheffield.com1003.cafe.ingredients.Coffee.&lt;init&gt;(Coffee.java:10)
	at uk.ac.sheffield.com1003.cafe.ingredients.Coffee.&lt;init&gt;(Coffee.java:10)
	at uk.ac.sheffield.com1003.cafe.ingredients.Coffee.&lt;init&gt;(Coffee.java:10)
	at uk.ac.sheffield.com1003.cafe.ingredients.Coffee.&lt;init&gt;(Coffee.java:10)
	at uk.ac.sheffield.com1003.cafe.ingredients.Coffee.&lt;init&gt;(Coffee.java:10)
	at uk.ac.sheffield.com1003.cafe.ingredients.Coffee.&lt;init&gt;(Coffee.java:10)
	at uk.ac.sheffield.com1003.cafe.ingredients.Coffee.&lt;init&gt;(Coffee.java:10)
	at uk.ac.sheffield.com1003.cafe.ingredients.Coffee.&lt;init&gt;(Coffee.java:10)
	at uk.ac.sheffield.com1003.cafe.ingredients.Coffee.&lt;init&gt;(Coffee.java:10)
	at uk.ac.sheffield.com1003.cafe.ingredients.Coffee.&lt;init&gt;(Coffee.java:10)
	at uk.ac.sheffield.com1003.cafe.ingredients.Coffee.&lt;init&gt;(Coffee.java:10)
	at uk.ac.sheffield.com1003.cafe.ingredients.Coffee.&lt;init&gt;(Coffee.java:10)
	at uk.ac.sheffield.com1003.cafe.ingredients.Coffee.&lt;init&gt;(Coffee.java:10)
	at uk.ac.sheffield.com1003.cafe.ingredients.Coffee.&lt;init&gt;(Coffee.java:10)
	at uk.ac.sheffield.com1003.cafe.ingredients.Coffee.&lt;init&gt;(Coffee.java:10)
	at uk.ac.sheffield.com1003.cafe.ingredients.Coffee.&lt;init&gt;(Coffee.java:10)
	at uk.ac.sheffield.com1003.cafe.ingredients.Coffee.&lt;init&gt;(Coffee.java:10)
	at uk.ac.sheffield.com1003.cafe.ingredients.Coffee.&lt;init&gt;(Coffee.java:10)
	at uk.ac.sheffield.com1003.cafe.ingredients.Coffee.&lt;init&gt;(Coffee.java:10)
	at uk.ac.sheffield.com1003.cafe.ingredients.Coffee.&lt;init&gt;(Coffee.java:10)
	at uk.ac.sheffield.com1003.cafe.ingredients.Coffee.&lt;init&gt;(Coffee.java:10)
	at uk.ac.sheffield.com1003.cafe.ingredients.Coffee.&lt;init&gt;(Coffee.java:10)
	at uk.ac.sheffield.com1003.cafe.ingredients.Coffee.&lt;init&gt;(Coffee.java:10)
	at uk.ac.sheffield.com1003.cafe.ingredients.Coffee.&lt;init&gt;(Coffee.java:10)
	at uk.ac.sheffield.com1003.cafe.ingredients.Coffee.&lt;init&gt;(Coffee.java:10)
	at uk.ac.sheffield.com1003.cafe.ingredients.Coffee.&lt;init&gt;(Coffee.java:10)
	at uk.ac.sheffield.com1003.cafe.ingredients.Coffee.&lt;init&gt;(Coffee.java:10)
	at uk.ac.sheffield.com1003.cafe.ingredients.Coffee.&lt;init&gt;(Coffee.java:10)
	at uk.ac.sheffield.com1003.cafe.ingredients.Coffee.&lt;init&gt;(Coffee.java:10)
	at uk.ac.sheffield.com1003.cafe.ingredients.Coffee.&lt;init&gt;(Coffee.java:10)
	at uk.ac.sheffield.com1003.cafe.ingredients.Coffee.&lt;init&gt;(Coffee.java:10)
	at uk.ac.sheffield.com1003.cafe.ingredients.Coffee.&lt;init&gt;(Coffee.java:10)
	at uk.ac.sheffield.com1003.cafe.ingredients.Coffee.&lt;init&gt;(Coffee.java:10)
	at uk.ac.sheffield.com1003.cafe.ingredients.Coffee.&lt;init&gt;(Coffee.java:10)
	at uk.ac.sheffield.com1003.cafe.ingredients.Coffee.&lt;init&gt;(Coffee.java:10)
	at uk.ac.sheffield.com1003.cafe.ingredients.Coffee.&lt;init&gt;(Coffee.java:10)
	at uk.ac.sheffield.com1003.cafe.ingredients.Coffee.&lt;init&gt;(Coffee.java:10)
	at uk.ac.sheffield.com1003.cafe.ingredients.Coffee.&lt;init&gt;(Coffee.java:10)
	at uk.ac.sheffield.com1003.cafe.ingredients.Coffee.&lt;init&gt;(Coffee.java:10)
	at uk.ac.sheffield.com1003.cafe.ingredients.Coffee.&lt;init&gt;(Coffee.java:10)
	at uk.ac.sheffield.com1003.cafe.ingredients.Coffee.&lt;init&gt;(Coffee.java:10)
	at uk.ac.sheffield.com1003.cafe.ingredients.Coffee.&lt;init&gt;(Coffee.java:10)
	at uk.ac.sheffield.com1003.cafe.ingredients.Coffee.&lt;init&gt;(Coffee.java:10)
	at uk.ac.sheffield.com1003.cafe.ingredients.Coffee.&lt;init&gt;(Coffee.java:10)
	at uk.ac.sheffield.com1003.cafe.ingredients.Coffee.&lt;init&gt;(Coffee.java:10)
	at uk.ac.sheffield.com1003.cafe.ingredients.Coffee.&lt;init&gt;(Coffee.java:10)
	at uk.ac.sheffield.com1003.cafe.ingredients.Coffee.&lt;init&gt;(Coffee.java:10)
	at uk.ac.sheffield.com1003.cafe.ingredients.Coffee.&lt;init&gt;(Coffee.java:10)
	at uk.ac.sheffield.com1003.cafe.ingredients.Coffee.&lt;init&gt;(Coffee.java:10)
	at uk.ac.sheffield.com1003.cafe.ingredients.Coffee.&lt;init&gt;(Coffee.java:10)
	at uk.ac.sheffield.com1003.cafe.ingredients.Coffee.&lt;init&gt;(Coffee.java:10)
	at uk.ac.sheffield.com1003.cafe.ingredients.Coffee.&lt;init&gt;(Coffee.java:10)
	at uk.ac.sheffield.com1003.cafe.ingredients.Coffee.&lt;init&gt;(Coffee.java:10)
	at uk.ac.sheffield.com1003.cafe.ingredients.Coffee.&lt;init&gt;(Coffee.java:10)
	at uk.ac.sheffield.com1003.cafe.ingredients.Coffee.&lt;init&gt;(Coffee.java:10)
	at uk.ac.sheffield.com1003.cafe.ingredients.Coffee.&lt;init&gt;(Coffee.java:10)
	at uk.ac.sheffield.com1003.cafe.ingredients.Coffee.&lt;init&gt;(Coffee.java:10)
	at uk.ac.sheffield.com1003.cafe.ingredients.Coffee.&lt;init&gt;(Coffee.java:10)
	at uk.ac.sheffield.com1003.cafe.ingredients.Coffee.&lt;init&gt;(Coffee.java:10)
	at uk.ac.sheffield.com1003.cafe.ingredients.Coffee.&lt;init&gt;(Coffee.java:10)
	at uk.ac.sheffield.com1003.cafe.ingredients.Coffee.&lt;init&gt;(Coffee.java:10)
	at uk.ac.sheffield.com1003.cafe.ingredients.Coffee.&lt;init&gt;(Coffee.java:10)
	at uk.ac.sheffield.com1003.cafe.ingredients.Coffee.&lt;init&gt;(Coffee.java:10)
	at uk.ac.sheffield.com1003.cafe.ingredients.Coffee.&lt;init&gt;(Coffee.java:10)
	at uk.ac.sheffield.com1003.cafe.ingredients.Coffee.&lt;init&gt;(Coffee.java:10)
	at uk.ac.sheffield.com1003.cafe.ingredients.Coffee.&lt;init&gt;(Coffee.java:10)
	at uk.ac.sheffield.com1003.cafe.ingredients.Coffee.&lt;init&gt;(Coffee.java:10)
	at uk.ac.sheffield.com1003.cafe.ingredients.Coffee.&lt;init&gt;(Coffee.java:10)
	at uk.ac.sheffield.com1003.cafe.ingredients.Coffee.&lt;init&gt;(Coffee.java:10)
	at uk.ac.sheffield.com1003.cafe.ingredients.Coffee.&lt;init&gt;(Coffee.java:10)
	at uk.ac.sheffield.com1003.cafe.ingredients.Coffee.&lt;init&gt;(Coffee.java:10)
	at uk.ac.sheffield.com1003.cafe.ingredients.Coffee.&lt;init&gt;(Coffee.java:10)
	at uk.ac.sheffield.com1003.cafe.ingredients.Coffee.&lt;init&gt;(Coffee.java:10)
	at uk.ac.sheffield.com1003.cafe.ingredients.Coffee.&lt;init&gt;(Coffee.java:10)
	at uk.ac.sheffield.com1003.cafe.ingredients.Coffee.&lt;init&gt;(Coffee.java:10)
	at uk.ac.sheffield.com1003.cafe.ingredients.Coffee.&lt;init&gt;(Coffee.java:10)
	at uk.ac.sheffield.com1003.cafe.ingredients.Coffee.&lt;init&gt;(Coffee.java:10)
	at uk.ac.sheffield.com1003.cafe.ingredients.Coffee.&lt;init&gt;(Coffee.java:10)
	at uk.ac.sheffield.com1003.cafe.ingredients.Coffee.&lt;init&gt;(Coffee.java:10)
	at uk.ac.sheffield.com1003.cafe.ingredients.Coffee.&lt;init&gt;(Coffee.java:10)
	at uk.ac.sheffield.com1003.cafe.ingredients.Coffee.&lt;init&gt;(Coffee.java:10)
	at uk.ac.sheffield.com1003.cafe.ingredients.Coffee.&lt;init&gt;(Coffee.java:10)
	at uk.ac.sheffield.com1003.cafe.ingredients.Coffee.&lt;init&gt;(Coffee.java:10)
	at uk.ac.sheffield.com1003.cafe.ingredients.Coffee.&lt;init&gt;(Coffee.java:10)
	at uk.ac.sheffield.com1003.cafe.ingredients.Coffee.&lt;init&gt;(Coffee.java:10)
	at uk.ac.sheffield.com1003.cafe.ingredients.Coffee.&lt;init&gt;(Coffee.java:10)
	at uk.ac.sheffield.com1003.cafe.ingredients.Coffee.&lt;init&gt;(Coffee.java:10)
	at uk.ac.sheffield.com1003.cafe.ingredients.Coffee.&lt;init&gt;(Coffee.java:10)
	at uk.ac.sheffield.com1003.cafe.ingredients.Coffee.&lt;init&gt;(Coffee.java:10)
	at uk.ac.sheffield.com1003.cafe.ingredients.Coffee.&lt;init&gt;(Coffee.java:10)
	at uk.ac.sheffield.com1003.cafe.ingredients.Coffee.&lt;init&gt;(Coffee.java:10)
	at uk.ac.sheffield.com1003.cafe.ingredients.Coffee.&lt;init&gt;(Coffee.java:10)
	at uk.ac.sheffield.com1003.cafe.ingredients.Coffee.&lt;init&gt;(Coffee.java:10)
	at uk.ac.sheffield.com1003.cafe.ingredients.Coffee.&lt;init&gt;(Coffee.java:10)
	at uk.ac.sheffield.com1003.cafe.ingredients.Coffee.&lt;init&gt;(Coffee.java:10)
	at uk.ac.sheffield.com1003.cafe.ingredients.Coffee.&lt;init&gt;(Coffee.java:10)
	at uk.ac.sheffield.com1003.cafe.ingredients.Coffee.&lt;init&gt;(Coffee.java:10)
	at uk.ac.sheffield.com1003.cafe.ingredients.Coffee.&lt;init&gt;(Coffee.java:10)
	at uk.ac.sheffield.com1003.cafe.ingredients.Coffee.&lt;init&gt;(Coffee.java:10)
	at uk.ac.sheffield.com1003.cafe.ingredients.Coffee.&lt;init&gt;(Coffee.java:10)
	at uk.ac.sheffield.com1003.cafe.ingredients.Coffee.&lt;init&gt;(Coffee.java:10)
	at uk.ac.sheffield.com1003.cafe.ingredients.Coffee.&lt;init&gt;(Coffee.java:10)
	at uk.ac.sheffield.com1003.cafe.ingredients.Coffee.&lt;init&gt;(Coffee.java:10)
	at uk.ac.sheffield.com1003.cafe.ingredients.Coffee.&lt;init&gt;(Coffee.java:10)
	at uk.ac.sheffield.com1003.cafe.ingredients.Coffee.&lt;init&gt;(Coffee.java:10)
	at uk.ac.sheffield.com1003.cafe.ingredients.Coffee.&lt;init&gt;(Coffee.java:10)
	at uk.ac.sheffield.com1003.cafe.ingredients.Coffee.&lt;init&gt;(Coffee.java:10)
	at uk.ac.sheffield.com1003.cafe.ingredients.Coffee.&lt;init&gt;(Coffee.java:10)
	at uk.ac.sheffield.com1003.cafe.ingredients.Coffee.&lt;init&gt;(Coffee.java:10)
	at uk.ac.sheffield.com1003.cafe.ingredients.Coffee.&lt;init&gt;(Coffee.java:10)
	at uk.ac.sheffield.com1003.cafe.ingredients.Coffee.&lt;init&gt;(Coffee.java:10)
	at uk.ac.sheffield.com1003.cafe.ingredients.Coffee.&lt;init&gt;(Coffee.java:10)
	at uk.ac.sheffield.com1003.cafe.ingredients.Coffee.&lt;init&gt;(Coffee.java:10)
	at uk.ac.sheffield.com1003.cafe.ingredients.Coffee.&lt;init&gt;(Coffee.java:10)
	at uk.ac.sheffield.com1003.cafe.ingredients.Coffee.&lt;init&gt;(Coffee.java:10)
	at uk.ac.sheffield.com1003.cafe.ingredients.Coffee.&lt;init&gt;(Coffee.java:10)
	at uk.ac.sheffield.com1003.cafe.ingredients.Coffee.&lt;init&gt;(Coffee.java:10)
	at uk.ac.sheffield.com1003.cafe.ingredients.Coffee.&lt;init&gt;(Coffee.java:10)
	at uk.ac.sheffield.com1003.cafe.ingredients.Coffee.&lt;init&gt;(Coffee.java:10)
	at uk.ac.sheffield.com1003.cafe.ingredients.Coffee.&lt;init&gt;(Coffee.java:10)
	at uk.ac.sheffield.com1003.cafe.ingredients.Coffee.&lt;init&gt;(Coffee.java:10)
	at uk.ac.sheffield.com1003.cafe.ingredients.Coffee.&lt;init&gt;(Coffee.java:10)
	at uk.ac.sheffield.com1003.cafe.ingredients.Coffee.&lt;init&gt;(Coffee.java:10)
	at uk.ac.sheffield.com1003.cafe.ingredients.Coffee.&lt;init&gt;(Coffee.java:10)
	at uk.ac.sheffield.com1003.cafe.ingredients.Coffee.&lt;init&gt;(Coffee.java:10)
	at uk.ac.sheffield.com1003.cafe.ingredients.Coffee.&lt;init&gt;(Coffee.java:10)
	at uk.ac.sheffield.com1003.cafe.ingredients.Coffee.&lt;init&gt;(Coffee.java:10)
	at uk.ac.sheffield.com1003.cafe.ingredients.Coffee.&lt;init&gt;(Coffee.java:10)
	at uk.ac.sheffield.com1003.cafe.ingredients.Coffee.&lt;init&gt;(Coffee.java:10)
	at uk.ac.sheffield.com1003.cafe.ingredients.Coffee.&lt;init&gt;(Coffee.java:10)
	at uk.ac.sheffield.com1003.cafe.ingredients.Coffee.&lt;init&gt;(Coffee.java:10)
	at uk.ac.sheffield.com1003.cafe.ingredients.Coffee.&lt;init&gt;(Coffee.java:10)
	at uk.ac.sheffield.com1003.cafe.ingredients.Coffee.&lt;init&gt;(Coffee.java:10)
	at uk.ac.sheffield.com1003.cafe.ingredients.Coffee.&lt;init&gt;(Coffee.java:10)
	at uk.ac.sheffield.com1003.cafe.ingredients.Coffee.&lt;init&gt;(Coffee.java:10)
	at uk.ac.sheffield.com1003.cafe.ingredients.Coffee.&lt;init&gt;(Coffee.java:10)
	at uk.ac.sheffield.com1003.cafe.ingredients.Coffee.&lt;init&gt;(Coffee.java:10)
	at uk.ac.sheffield.com1003.cafe.ingredients.Coffee.&lt;init&gt;(Coffee.java:10)
	at uk.ac.sheffield.com1003.cafe.ingredients.Coffee.&lt;init&gt;(Coffee.java:10)
	at uk.ac.sheffield.com1003.cafe.ingredients.Coffee.&lt;init&gt;(Coffee.java:10)
	at uk.ac.sheffield.com1003.cafe.ingredients.Coffee.&lt;init&gt;(Coffee.java:10)
	at uk.ac.sheffield.com1003.cafe.ingredients.Coffee.&lt;init&gt;(Coffee.java:10)
	at uk.ac.sheffield.com1003.cafe.ingredients.Coffee.&lt;init&gt;(Coffee.java:10)
	at uk.ac.sheffield.com1003.cafe.ingredients.Coffee.&lt;init&gt;(Coffee.java:10)
	at uk.ac.sheffield.com1003.cafe.ingredients.Coffee.&lt;init&gt;(Coffee.java:10)
	at uk.ac.sheffield.com1003.cafe.ingredients.Coffee.&lt;init&gt;(Coffee.java:10)
	at uk.ac.sheffield.com1003.cafe.ingredients.Coffee.&lt;init&gt;(Coffee.java:10)
	at uk.ac.sheffield.com1003.cafe.ingredients.Coffee.&lt;init&gt;(Coffee.java:10)
	at uk.ac.sheffield.com1003.cafe.ingredients.Coffee.&lt;init&gt;(Coffee.java:10)
	at uk.ac.sheffield.com1003.cafe.ingredients.Coffee.&lt;init&gt;(Coffee.java:10)
	at uk.ac.sheffield.com1003.cafe.ingredients.Coffee.&lt;init&gt;(Coffee.java:10)
	at uk.ac.sheffield.com1003.cafe.ingredients.Coffee.&lt;init&gt;(Coffee.java:10)
	at uk.ac.sheffield.com1003.cafe.ingredients.Coffee.&lt;init&gt;(Coffee.java:10)
	at uk.ac.sheffield.com1003.cafe.ingredients.Coffee.&lt;init&gt;(Coffee.java:10)
	at uk.ac.sheffield.com1003.cafe.ingredients.Coffee.&lt;init&gt;(Coffee.java:10)
	at uk.ac.sheffield.com1003.cafe.ingredients.Coffee.&lt;init&gt;(Coffee.java:10)
	at uk.ac.sheffield.com1003.cafe.ingredients.Coffee.&lt;init&gt;(Coffee.java:10)
	at uk.ac.sheffield.com1003.cafe.ingredients.Coffee.&lt;init&gt;(Coffee.java:10)
	at uk.ac.sheffield.com1003.cafe.ingredients.Coffee.&lt;init&gt;(Coffee.java:10)
	at uk.ac.sheffield.com1003.cafe.ingredients.Coffee.&lt;init&gt;(Coffee.java:10)
	at uk.ac.sheffield.com1003.cafe.ingredients.Coffee.&lt;init&gt;(Coffee.java:10)
	at uk.ac.sheffield.com1003.cafe.ingredients.Coffee.&lt;init&gt;(Coffee.java:10)
	at uk.ac.sheffield.com1003.cafe.ingredients.Coffee.&lt;init&gt;(Coffee.java:10)
	at uk.ac.sheffield.com1003.cafe.ingredients.Coffee.&lt;init&gt;(Coffee.java:10)
	at uk.ac.sheffield.com1003.cafe.ingredients.Coffee.&lt;init&gt;(Coffee.java:10)
	at uk.ac.sheffield.com1003.cafe.ingredients.Coffee.&lt;init&gt;(Coffee.java:10)
	at uk.ac.sheffield.com1003.cafe.ingredients.Coffee.&lt;init&gt;(Coffee.java:10)
	at uk.ac.sheffield.com1003.cafe.ingredients.Coffee.&lt;init&gt;(Coffee.java:10)
	at uk.ac.sheffield.com1003.cafe.ingredients.Coffee.&lt;init&gt;(Coffee.java:10)
	at uk.ac.sheffield.com1003.cafe.ingredients.Coffee.&lt;init&gt;(Coffee.java:10)
	at uk.ac.sheffield.com1003.cafe.ingredients.Coffee.&lt;init&gt;(Coffee.java:10)
	at uk.ac.sheffield.com1003.cafe.ingredients.Coffee.&lt;init&gt;(Coffee.java:10)
	at uk.ac.sheffield.com1003.cafe.ingredients.Coffee.&lt;init&gt;(Coffee.java:10)
	at uk.ac.sheffield.com1003.cafe.ingredients.Coffee.&lt;init&gt;(Coffee.java:10)
	at uk.ac.sheffield.com1003.cafe.ingredients.Coffee.&lt;init&gt;(Coffee.java:10)
	at uk.ac.sheffield.com1003.cafe.ingredients.Coffee.&lt;init&gt;(Coffee.java:10)
	at uk.ac.sheffield.com1003.cafe.ingredients.Coffee.&lt;init&gt;(Coffee.java:10)
	at uk.ac.sheffield.com1003.cafe.ingredients.Coffee.&lt;init&gt;(Coffee.java:10)
	at uk.ac.sheffield.com1003.cafe.ingredients.Coffee.&lt;init&gt;(Coffee.java:10)
	at uk.ac.sheffield.com1003.cafe.ingredients.Coffee.&lt;init&gt;(Coffee.java:10)
	at uk.ac.sheffield.com1003.cafe.ingredients.Coffee.&lt;init&gt;(Coffee.java:10)
	at uk.ac.sheffield.com1003.cafe.ingredients.Coffee.&lt;init&gt;(Coffee.java:10)
	at uk.ac.sheffield.com1003.cafe.ingredients.Coffee.&lt;init&gt;(Coffee.java:10)
	at uk.ac.sheffield.com1003.cafe.ingredients.Coffee.&lt;init&gt;(Coffee.java:10)
	at uk.ac.sheffield.com1003.cafe.ingredients.Coffee.&lt;init&gt;(Coffee.java:10)
	at uk.ac.sheffield.com1003.cafe.ingredients.Coffee.&lt;init&gt;(Coffee.java:10)
	at uk.ac.sheffield.com1003.cafe.ingredients.Coffee.&lt;init&gt;(Coffee.java:10)
	at uk.ac.sheffield.com1003.cafe.ingredients.Coffee.&lt;init&gt;(Coffee.java:10)
	at uk.ac.sheffield.com1003.cafe.ingredients.Coffee.&lt;init&gt;(Coffee.java:10)
	at uk.ac.sheffield.com1003.cafe.ingredients.Coffee.&lt;init&gt;(Coffee.java:10)
	at uk.ac.sheffield.com1003.cafe.ingredients.Coffee.&lt;init&gt;(Coffee.java:10)
	at uk.ac.sheffield.com1003.cafe.ingredients.Coffee.&lt;init&gt;(Coffee.java:10)
	at uk.ac.sheffield.com1003.cafe.ingredients.Coffee.&lt;init&gt;(Coffee.java:10)
	at uk.ac.sheffield.com1003.cafe.ingredients.Coffee.&lt;init&gt;(Coffee.java:10)
	at uk.ac.sheffield.com1003.cafe.ingredients.Coffee.&lt;init&gt;(Coffee.java:10)
	at uk.ac.sheffield.com1003.cafe.ingredients.Coffee.&lt;init&gt;(Coffee.java:10)
	at uk.ac.sheffield.com1003.cafe.ingredients.Coffee.&lt;init&gt;(Coffee.java:10)
	at uk.ac.sheffield.com1003.cafe.ingredients.Coffee.&lt;init&gt;(Coffee.java:10)
	at uk.ac.sheffield.com1003.cafe.ingredients.Coffee.&lt;init&gt;(Coffee.java:10)
	at uk.ac.sheffield.com1003.cafe.ingredients.Coffee.&lt;init&gt;(Coffee.java:10)
	at uk.ac.sheffield.com1003.cafe.ingredients.Coffee.&lt;init&gt;(Coffee.java:10)
	at uk.ac.sheffield.com1003.cafe.ingredients.Coffee.&lt;init&gt;(Coffee.java:10)
	at uk.ac.sheffield.com1003.cafe.ingredients.Coffee.&lt;init&gt;(Coffee.java:10)
	at uk.ac.sheffield.com1003.cafe.ingredients.Coffee.&lt;init&gt;(Coffee.java:10)
	at uk.ac.sheffield.com1003.cafe.ingredients.Coffee.&lt;init&gt;(Coffee.java:10)
	at uk.ac.sheffield.com1003.cafe.ingredients.Coffee.&lt;init&gt;(Coffee.java:10)
	at uk.ac.sheffield.com1003.cafe.ingredients.Coffee.&lt;init&gt;(Coffee.java:10)
	at uk.ac.sheffield.com1003.cafe.ingredients.Coffee.&lt;init&gt;(Coffee.java:10)
	at uk.ac.sheffield.com1003.cafe.ingredients.Coffee.&lt;init&gt;(Coffee.java:10)
	at uk.ac.sheffield.com1003.cafe.ingredients.Coffee.&lt;init&gt;(Coffee.java:10)
	at uk.ac.sheffield.com1003.cafe.ingredients.Coffee.&lt;init&gt;(Coffee.java:10)
	at uk.ac.sheffield.com1003.cafe.ingredients.Coffee.&lt;init&gt;(Coffee.java:10)
	at uk.ac.sheffield.com1003.cafe.ingredients.Coffee.&lt;init&gt;(Coffee.java:10)
	at uk.ac.sheffield.com1003.cafe.ingredients.Coffee.&lt;init&gt;(Coffee.java:10)
	at uk.ac.sheffield.com1003.cafe.ingredients.Coffee.&lt;init&gt;(Coffee.java:10)
	at uk.ac.sheffield.com1003.cafe.ingredients.Coffee.&lt;init&gt;(Coffee.java:10)
	at uk.ac.sheffield.com1003.cafe.ingredients.Coffee.&lt;init&gt;(Coffee.java:10)
	at uk.ac.sheffield.com1003.cafe.ingredients.Coffee.&lt;init&gt;(Coffee.java:10)
	at uk.ac.sheffield.com1003.cafe.ingredients.Coffee.&lt;init&gt;(Coffee.java:10)
	at uk.ac.sheffield.com1003.cafe.ingredients.Coffee.&lt;init&gt;(Coffee.java:10)
	at uk.ac.sheffield.com1003.cafe.ingredients.Coffee.&lt;init&gt;(Coffee.java:10)
	at uk.ac.sheffield.com1003.cafe.ingredients.Coffee.&lt;init&gt;(Coffee.java:10)
	at uk.ac.sheffield.com1003.cafe.ingredients.Coffee.&lt;init&gt;(Coffee.java:10)
	at uk.ac.sheffield.com1003.cafe.ingredients.Coffee.&lt;init&gt;(Coffee.java:10)
	at uk.ac.sheffield.com1003.cafe.ingredients.Coffee.&lt;init&gt;(Coffee.java:10)
	at uk.ac.sheffield.com1003.cafe.ingredients.Coffee.&lt;init&gt;(Coffee.java:10)
	at uk.ac.sheffield.com1003.cafe.ingredients.Coffee.&lt;init&gt;(Coffee.java:10)
	at uk.ac.sheffield.com1003.cafe.ingredients.Coffee.&lt;init&gt;(Coffee.java:10)
	at uk.ac.sheffield.com1003.cafe.ingredients.Coffee.&lt;init&gt;(Coffee.java:10)
	at uk.ac.sheffield.com1003.cafe.ingredients.Coffee.&lt;init&gt;(Coffee.java:10)
	at uk.ac.sheffield.com1003.cafe.ingredients.Coffee.&lt;init&gt;(Coffee.java:10)
	at uk.ac.sheffield.com1003.cafe.ingredients.Coffee.&lt;init&gt;(Coffee.java:10)
	at uk.ac.sheffield.com1003.cafe.ingredients.Coffee.&lt;init&gt;(Coffee.java:10)
	at uk.ac.sheffield.com1003.cafe.ingredients.Coffee.&lt;init&gt;(Coffee.java:10)
	at uk.ac.sheffield.com1003.cafe.ingredients.Coffee.&lt;init&gt;(Coffee.java:10)
	at uk.ac.sheffield.com1003.cafe.ingredients.Coffee.&lt;init&gt;(Coffee.java:10)
	at uk.ac.sheffield.com1003.cafe.ingredients.Coffee.&lt;init&gt;(Coffee.java:10)
	at uk.ac.sheffield.com1003.cafe.ingredients.Coffee.&lt;init&gt;(Coffee.java:10)
	at uk.ac.sheffield.com1003.cafe.ingredients.Coffee.&lt;init&gt;(Coffee.java:10)
	at uk.ac.sheffield.com1003.cafe.ingredients.Coffee.&lt;init&gt;(Coffee.java:10)
	at uk.ac.sheffield.com1003.cafe.ingredients.Coffee.&lt;init&gt;(Coffee.java:10)
	at uk.ac.sheffield.com1003.cafe.ingredients.Coffee.&lt;init&gt;(Coffee.java:10)
	at uk.ac.sheffield.com1003.cafe.ingredients.Coffee.&lt;init&gt;(Coffee.java:10)
	at uk.ac.sheffield.com1003.cafe.ingredients.Coffee.&lt;init&gt;(Coffee.java:10)
	at uk.ac.sheffield.com1003.cafe.ingredients.Coffee.&lt;init&gt;(Coffee.java:10)
	at uk.ac.sheffield.com1003.cafe.ingredients.Coffee.&lt;init&gt;(Coffee.java:10)
	at uk.ac.sheffield.com1003.cafe.ingredients.Coffee.&lt;init&gt;(Coffee.java:10)
	at uk.ac.sheffield.com1003.cafe.ingredients.Coffee.&lt;init&gt;(Coffee.java:10)
	at uk.ac.sheffield.com1003.cafe.ingredients.Coffee.&lt;init&gt;(Coffee.java:10)
	at uk.ac.sheffield.com1003.cafe.ingredients.Coffee.&lt;init&gt;(Coffee.java:10)
	at uk.ac.sheffield.com1003.cafe.ingredients.Coffee.&lt;init&gt;(Coffee.java:10)
	at uk.ac.sheffield.com1003.cafe.ingredients.Coffee.&lt;init&gt;(Coffee.java:10)
	at uk.ac.sheffield.com1003.cafe.ingredients.Coffee.&lt;init&gt;(Coffee.java:10)
	at uk.ac.sheffield.com1003.cafe.ingredients.Coffee.&lt;init&gt;(Coffee.java:10)
	at uk.ac.sheffield.com1003.cafe.ingredients.Coffee.&lt;init&gt;(Coffee.java:10)
	at uk.ac.sheffield.com1003.cafe.ingredients.Coffee.&lt;init&gt;(Coffee.java:10)
	at uk.ac.sheffield.com1003.cafe.ingredients.Coffee.&lt;init&gt;(Coffee.java:10)
	at uk.ac.sheffield.com1003.cafe.ingredients.Coffee.&lt;init&gt;(Coffee.java:10)
	at uk.ac.sheffield.com1003.cafe.ingredients.Coffee.&lt;init&gt;(Coffee.java:10)
	at uk.ac.sheffield.com1003.cafe.ingredients.Coffee.&lt;init&gt;(Coffee.java:10)
	at uk.ac.sheffield.com1003.cafe.ingredients.Coffee.&lt;init&gt;(Coffee.java:10)
	at uk.ac.sheffield.com1003.cafe.ingredients.Coffee.&lt;init&gt;(Coffee.java:10)
	at uk.ac.sheffield.com1003.cafe.ingredients.Coffee.&lt;init&gt;(Coffee.java:10)
	at uk.ac.sheffield.com1003.cafe.ingredients.Coffee.&lt;init&gt;(Coffee.java:10)
	at uk.ac.sheffield.com1003.cafe.ingredients.Coffee.&lt;init&gt;(Coffee.java:10)
	at uk.ac.sheffield.com1003.cafe.ingredients.Coffee.&lt;init&gt;(Coffee.java:10)
	at uk.ac.sheffield.com1003.cafe.ingredients.Coffee.&lt;init&gt;(Coffee.java:10)
	at uk.ac.sheffield.com1003.cafe.ingredients.Coffee.&lt;init&gt;(Coffee.java:10)
	at uk.ac.sheffield.com1003.cafe.ingredients.Coffee.&lt;init&gt;(Coffee.java:10)
	at uk.ac.sheffield.com1003.cafe.ingredients.Coffee.&lt;init&gt;(Coffee.java:10)
	at uk.ac.sheffield.com1003.cafe.ingredients.Coffee.&lt;init&gt;(Coffee.java:10)
	at uk.ac.sheffield.com1003.cafe.ingredients.Coffee.&lt;init&gt;(Coffee.java:10)
	at uk.ac.sheffield.com1003.cafe.ingredients.Coffee.&lt;init&gt;(Coffee.java:10)
	at uk.ac.sheffield.com1003.cafe.ingredients.Coffee.&lt;init&gt;(Coffee.java:10)
	at uk.ac.sheffield.com1003.cafe.ingredients.Coffee.&lt;init&gt;(Coffee.java:10)
	at uk.ac.sheffield.com1003.cafe.ingredients.Coffee.&lt;init&gt;(Coffee.java:10)
	at uk.ac.sheffield.com1003.cafe.ingredients.Coffee.&lt;init&gt;(Coffee.java:10)
	at uk.ac.sheffield.com1003.cafe.ingredients.Coffee.&lt;init&gt;(Coffee.java:10)
	at uk.ac.sheffield.com1003.cafe.ingredients.Coffee.&lt;init&gt;(Coffee.java:10)
	at uk.ac.sheffield.com1003.cafe.ingredients.Coffee.&lt;init&gt;(Coffee.java:10)
	at uk.ac.sheffield.com1003.cafe.ingredients.Coffee.&lt;init&gt;(Coffee.java:10)
	at uk.ac.sheffield.com1003.cafe.ingredients.Coffee.&lt;init&gt;(Coffee.java:10)
	at uk.ac.sheffield.com1003.cafe.ingredients.Coffee.&lt;init&gt;(Coffee.java:10)
	at uk.ac.sheffield.com1003.cafe.ingredients.Coffee.&lt;init&gt;(Coffee.java:10)
	at uk.ac.sheffield.com1003.cafe.ingredients.Coffee.&lt;init&gt;(Coffee.java:10)
	at uk.ac.sheffield.com1003.cafe.ingredients.Coffee.&lt;init&gt;(Coffee.java:10)
	at uk.ac.sheffield.com1003.cafe.ingredients.Coffee.&lt;init&gt;(Coffee.java:10)
	at uk.ac.sheffield.com1003.cafe.ingredients.Coffee.&lt;init&gt;(Coffee.java:10)
	at uk.ac.sheffield.com1003.cafe.ingredients.Coffee.&lt;init&gt;(Coffee.java:10)
	at uk.ac.sheffield.com1003.cafe.ingredients.Coffee.&lt;init&gt;(Coffee.java:10)
	at uk.ac.sheffield.com1003.cafe.ingredients.Coffee.&lt;init&gt;(Coffee.java:10)
	at uk.ac.sheffield.com1003.cafe.ingredients.Coffee.&lt;init&gt;(Coffee.java:10)
	at uk.ac.sheffield.com1003.cafe.ingredients.Coffee.&lt;init&gt;(Coffee.java:10)
	at uk.ac.sheffield.com1003.cafe.ingredients.Coffee.&lt;init&gt;(Coffee.java:10)
	at uk.ac.sheffield.com1003.cafe.ingredients.Coffee.&lt;init&gt;(Coffee.java:10)
	at uk.ac.sheffield.com1003.cafe.ingredients.Coffee.&lt;init&gt;(Coffee.java:10)
	at uk.ac.sheffield.com1003.cafe.ingredients.Coffee.&lt;init&gt;(Coffee.java:10)
	at uk.ac.sheffield.com1003.cafe.ingredients.Coffee.&lt;init&gt;(Coffee.java:10)
	at uk.ac.sheffield.com1003.cafe.ingredients.Coffee.&lt;init&gt;(Coffee.java:10)
	at uk.ac.sheffield.com1003.cafe.ingredients.Coffee.&lt;init&gt;(Coffee.java:10)
	at uk.ac.sheffield.com1003.cafe.ingredients.Coffee.&lt;init&gt;(Coffee.java:10)
	at uk.ac.sheffield.com1003.cafe.ingredients.Coffee.&lt;init&gt;(Coffee.java:10)
	at uk.ac.sheffield.com1003.cafe.ingredients.Coffee.&lt;init&gt;(Coffee.java:10)
	at uk.ac.sheffield.com1003.cafe.ingredients.Coffee.&lt;init&gt;(Coffee.java:10)
	at uk.ac.sheffield.com1003.cafe.ingredients.Coffee.&lt;init&gt;(Coffee.java:10)
	at uk.ac.sheffield.com1003.cafe.ingredients.Coffee.&lt;init&gt;(Coffee.java:10)
	at uk.ac.sheffield.com1003.cafe.ingredients.Coffee.&lt;init&gt;(Coffee.java:10)
	at uk.ac.sheffield.com1003.cafe.ingredients.Coffee.&lt;init&gt;(Coffee.java:10)
	at uk.ac.sheffield.com1003.cafe.ingredients.Coffee.&lt;init&gt;(Coffee.java:10)
	at uk.ac.sheffield.com1003.cafe.ingredients.Coffee.&lt;init&gt;(Coffee.java:10)
	at uk.ac.sheffield.com1003.cafe.ingredients.Coffee.&lt;init&gt;(Coffee.java:10)
	at uk.ac.sheffield.com1003.cafe.ingredients.Coffee.&lt;init&gt;(Coffee.java:10)
	at uk.ac.sheffield.com1003.cafe.ingredients.Coffee.&lt;init&gt;(Coffee.java:10)
	at uk.ac.sheffield.com1003.cafe.ingredients.Coffee.&lt;init&gt;(Coffee.java:10)
	at uk.ac.sheffield.com1003.cafe.ingredients.Coffee.&lt;init&gt;(Coffee.java:10)
	at uk.ac.sheffield.com1003.cafe.ingredients.Coffee.&lt;init&gt;(Coffee.java:10)
	at uk.ac.sheffield.com1003.cafe.ingredients.Coffee.&lt;init&gt;(Coffee.java:10)
	at uk.ac.sheffield.com1003.cafe.ingredients.Coffee.&lt;init&gt;(Coffee.java:10)
	at uk.ac.sheffield.com1003.cafe.ingredients.Coffee.&lt;init&gt;(Coffee.java:10)
	at uk.ac.sheffield.com1003.cafe.ingredients.Coffee.&lt;init&gt;(Coffee.java:10)
	at uk.ac.sheffield.com1003.cafe.ingredients.Coffee.&lt;init&gt;(Coffee.java:10)
	at uk.ac.sheffield.com1003.cafe.ingredients.Coffee.&lt;init&gt;(Coffee.java:10)
	at uk.ac.sheffield.com1003.cafe.ingredients.Coffee.&lt;init&gt;(Coffee.java:10)
	at uk.ac.sheffield.com1003.cafe.ingredients.Coffee.&lt;init&gt;(Coffee.java:10)
	at uk.ac.sheffield.com1003.cafe.ingredients.Coffee.&lt;init&gt;(Coffee.java:10)
	at uk.ac.sheffield.com1003.cafe.ingredients.Coffee.&lt;init&gt;(Coffee.java:10)
	at uk.ac.sheffield.com1003.cafe.ingredients.Coffee.&lt;init&gt;(Coffee.java:10)
[...]
	at uk.ac.sheffield.com1003.cafe.ingredients.Coffee.&lt;init&gt;(Coffee.java:10)
	at uk.ac.sheffield.com1003.cafe.ingredients.Coffee.&lt;init&gt;(Coffee.java:10)
	at uk.ac.sheffield.com1003.cafe.ingredients.Coffee.&lt;init&gt;(Coffee.java:10)
	at uk.ac.sheffield.com1003.cafe.ingredients.Coffee.&lt;init&gt;(Coffee.java:10)
	at uk.ac.sheffield.com1003.cafe.ingredients.Coffee.&lt;init&gt;(Coffee.java:10)
	at uk.ac.sheffield.com1003.cafe.ingredients.Coffee.&lt;init&gt;(Coffee.java:10)
	at uk.ac.sheffield.com1003.cafe.ingredients.Coffee.&lt;init&gt;(Coffee.java:10)
	at uk.ac.sheffield.com1003.cafe.ingredients.Coffee.&lt;init&gt;(Coffee.java:10)
	at uk.ac.sheffield.com1003.cafe.ingredients.Coffee.&lt;init&gt;(Coffee.java:10)
	at uk.ac.sheffield.com1003.cafe.ingredients.Coffee.&lt;init&gt;(Coffee.java:10)
	at uk.ac.sheffield.com1003.cafe.ingredients.Coffee.&lt;init&gt;(Coffee.java:10)
	at uk.ac.sheffield.com1003.cafe.ingredients.Coffee.&lt;init&gt;(Coffee.java:10)
	at uk.ac.sheffield.com1003.cafe.ingredients.Coffee.&lt;init&gt;(Coffee.java:10)
	at uk.ac.sheffield.com1003.cafe.ingredients.Coffee.&lt;init&gt;(Coffee.java:10)
	at uk.ac.sheffield.com1003.cafe.ingredients.Coffee.&lt;init&gt;(Coffee.java:10)
	at uk.ac.sheffield.com1003.cafe.ingredients.Coffee.&lt;init&gt;(Coffee.java:10)
	at uk.ac.sheffield.com1003.cafe.ingredients.Coffee.&lt;init&gt;(Coffee.java:10)
	at uk.ac.sheffield.com1003.cafe.ingredients.Coffee.&lt;init&gt;(Coffee.java:10)
	at uk.ac.sheffield.com1003.cafe.ingredients.Coffee.&lt;init&gt;(Coffee.java:10)
	at uk.ac.sheffield.com1003.cafe.ingredients.Coffee.&lt;init&gt;(Coffee.java:10)
	at uk.ac.sheffield.com1003.cafe.ingredients.Coffee.&lt;init&gt;(Coffee.java:10)
	at uk.ac.sheffield.com1003.cafe.ingredients.Coffee.&lt;init&gt;(Coffee.java:10)
	at uk.ac.sheffield.com1003.cafe.ingredients.Coffee.&lt;init&gt;(Coffee.java:10)
	at uk.ac.sheffield.com1003.cafe.ingredients.Coffee.&lt;init&gt;(Coffee.java:10)
	at uk.ac.sheffield.com1003.cafe.ingredients.Coffee.&lt;init&gt;(Coffee.java:10)
	at uk.ac.sheffield.com1003.cafe.ingredients.Coffee.&lt;init&gt;(Coffee.java:10)
	at uk.ac.sheffield.com1003.cafe.ingredients.Coffee.&lt;init&gt;(Coffee.java:10)
	at uk.ac.sheffield.com1003.cafe.ingredients.Coffee.&lt;init&gt;(Coffee.java:10)
	at uk.ac.sheffield.com1003.cafe.ingredients.Coffee.&lt;init&gt;(Coffee.java:10)
	at uk.ac.sheffield.com1003.cafe.ingredients.Coffee.&lt;init&gt;(Coffee.java:10)
	at uk.ac.sheffield.com1003.cafe.ingredients.Coffee.&lt;init&gt;(Coffee.java:10)
	at uk.ac.sheffield.com1003.cafe.ingredients.Coffee.&lt;init&gt;(Coffee.java:10)
	at uk.ac.sheffield.com1003.cafe.ingredients.Coffee.&lt;init&gt;(Coffee.java:10)
	at uk.ac.sheffield.com1003.cafe.ingredients.Coffee.&lt;init&gt;(Coffee.java:10)
	at uk.ac.sheffield.com1003.cafe.ingredients.Coffee.&lt;init&gt;(Coffee.java:10)
	at uk.ac.sheffield.com1003.cafe.ingredients.Coffee.&lt;init&gt;(Coffee.java:10)
	at uk.ac.sheffield.com1003.cafe.ingredients.Coffee.&lt;init&gt;(Coffee.java:10)
	at uk.ac.sheffield.com1003.cafe.ingredients.Coffee.&lt;init&gt;(Coffee.java:10)
	at uk.ac.sheffield.com1003.cafe.ingredients.Coffee.&lt;init&gt;(Coffee.java:10)
	at uk.ac.sheffield.com1003.cafe.ingredients.Coffee.&lt;init&gt;(Coffee.java:10)
	at uk.ac.sheffield.com1003.cafe.ingredients.Coffee.&lt;init&gt;(Coffee.java:10)
	at uk.ac.sheffield.com1003.cafe.ingredients.Coffee.&lt;init&gt;(Coffee.java:10)
	at uk.ac.sheffield.com1003.cafe.ingredients.Coffee.&lt;init&gt;(Coffee.java:10)
	at uk.ac.sheffield.com1003.cafe.ingredients.Coffee.&lt;init&gt;(Coffee.java:10)
	at uk.ac.sheffield.com1003.cafe.ingredients.Coffee.&lt;init&gt;(Coffee.java:10)
	at uk.ac.sheffield.com1003.cafe.ingredients.Coffee.&lt;init&gt;(Coffee.java:10)
	at uk.ac.sheffield.com1003.cafe.ingredients.Coffee.&lt;init&gt;(Coffee.java:10)
	at uk.ac.sheffield.com1003.cafe.ingredients.Coffee.&lt;init&gt;(Coffee.java:10)
	at uk.ac.sheffield.com1003.cafe.ingredients.Coffee.&lt;init&gt;(Coffee.java:10)
	at uk.ac.sheffield.com1003.cafe.ingredients.Coffee.&lt;init&gt;(Coffee.java:10)
	at uk.ac.sheffield.com1003.cafe.ingredients.Coffee.&lt;init&gt;(Coffee.java:10)
	at uk.ac.sheffield.com1003.cafe.ingredients.Coffee.&lt;init&gt;(Coffee.java:10)
	at uk.ac.sheffield.com1003.cafe.ingredients.Coffee.&lt;init&gt;(Coffee.java:10)
	at uk.ac.sheffield.com1003.cafe.ingredients.Coffee.&lt;init&gt;(Coffee.java:10)
	at uk.ac.sheffield.com1003.cafe.ingredients.Coffee.&lt;init&gt;(Coffee.java:10)
	at uk.ac.sheffield.com1003.cafe.ingredients.Coffee.&lt;init&gt;(Coffee.java:10)
	at uk.ac.sheffield.com1003.cafe.ingredients.Coffee.&lt;init&gt;(Coffee.java:10)
	at uk.ac.sheffield.com1003.cafe.ingredients.Coffee.&lt;init&gt;(Coffee.java:10)
	at uk.ac.sheffield.com1003.cafe.ingredients.Coffee.&lt;init&gt;(Coffee.java:10)
	at uk.ac.sheffield.com1003.cafe.ingredients.Coffee.&lt;init&gt;(Coffee.java:10)
	at uk.ac.sheffield.com1003.cafe.ingredients.Coffee.&lt;init&gt;(Coffee.java:10)
	at uk.ac.sheffield.com1003.cafe.ingredients.Coffee.&lt;init&gt;(Coffee.java:10)
	at uk.ac.sheffield.com1003.cafe.ingredients.Coffee.&lt;init&gt;(Coffee.java:10)
	at uk.ac.sheffield.com1003.cafe.ingredients.Coffee.&lt;init&gt;(Coffee.java:10)
	at uk.ac.sheffield.com1003.cafe.ingredients.Coffee.&lt;init&gt;(Coffee.java:10)
	at uk.ac.sheffield.com1003.cafe.ingredients.Coffee.&lt;init&gt;(Coffee.java:10)
	at uk.ac.sheffield.com1003.cafe.ingredients.Coffee.&lt;init&gt;(Coffee.java:10)
	at uk.ac.sheffield.com1003.cafe.ingredients.Coffee.&lt;init&gt;(Coffee.java:10)
	at uk.ac.sheffield.com1003.cafe.ingredients.Coffee.&lt;init&gt;(Coffee.java:10)
	at uk.ac.sheffield.com1003.cafe.ingredients.Coffee.&lt;init&gt;(Coffee.java:10)
	at uk.ac.sheffield.com1003.cafe.ingredients.Coffee.&lt;init&gt;(Coffee.java:10)
	at uk.ac.sheffield.com1003.cafe.ingredients.Coffee.&lt;init&gt;(Coffee.java:10)
	at uk.ac.sheffield.com1003.cafe.ingredients.Coffee.&lt;init&gt;(Coffee.java:10)
	at uk.ac.sheffield.com1003.cafe.ingredients.Coffee.&lt;init&gt;(Coffee.java:10)
	at uk.ac.sheffield.com1003.cafe.ingredients.Coffee.&lt;init&gt;(Coffee.java:10)
	at uk.ac.sheffield.com1003.cafe.ingredients.Coffee.&lt;init&gt;(Coffee.java:10)
	at uk.ac.sheffield.com1003.cafe.ingredients.Coffee.&lt;init&gt;(Coffee.java:10)
	at uk.ac.sheffield.com1003.cafe.ingredients.Coffee.&lt;init&gt;(Coffee.java:10)
	at uk.ac.sheffield.com1003.cafe.ingredients.Coffee.&lt;init&gt;(Coffee.java:10)
	at uk.ac.sheffield.com1003.cafe.ingredients.Coffee.&lt;init&gt;(Coffee.java:10)
	at uk.ac.sheffield.com1003.cafe.ingredients.Coffee.&lt;init&gt;(Coffee.java:10)
	at uk.ac.sheffield.com1003.cafe.ingredients.Coffee.&lt;init&gt;(Coffee.java:10)
	at uk.ac.sheffield.com1003.cafe.ingredients.Coffee.&lt;init&gt;(Coffee.java:10)
	at uk.ac.sheffield.com1003.cafe.ingredients.Coffee.&lt;init&gt;(Coffee.java:10)
	at uk.ac.sheffield.com1003.cafe.ingredients.Coffee.&lt;init&gt;(Coffee.java:10)
	at uk.ac.sheffield.com1003.cafe.ingredients.Coffee.&lt;init&gt;(Coffee.java:10)
	at uk.ac.sheffield.com1003.cafe.ingredients.Coffee.&lt;init&gt;(Coffee.java:10)
	at uk.ac.sheffield.com1003.cafe.ingredients.Coffee.&lt;init&gt;(Coffee.java:10)
	at uk.ac.sheffield.com1003.cafe.ingredients.Coffee.&lt;init&gt;(Coffee.java:10)
	at uk.ac.sheffield.com1003.cafe.ingredients.Coffee.&lt;init&gt;(Coffee.java:10)
	at uk.ac.sheffield.com1003.cafe.ingredients.Coffee.&lt;init&gt;(Coffee.java:10)
	at uk.ac.sheffield.com1003.cafe.ingredients.Coffee.&lt;init&gt;(Coffee.java:10)
	at uk.ac.sheffield.com1003.cafe.ingredients.Coffee.&lt;init&gt;(Coffee.java:10)
	at uk.ac.sheffield.com1003.cafe.ingredients.Coffee.&lt;init&gt;(Coffee.java:10)
	at uk.ac.sheffield.com1003.cafe.ingredients.Coffee.&lt;init&gt;(Coffee.java:10)
	at uk.ac.sheffield.com1003.cafe.ingredients.Coffee.&lt;init&gt;(Coffee.java:10)
	at uk.ac.sheffield.com1003.cafe.ingredients.Coffee.&lt;init&gt;(Coffee.java:10)
	at uk.ac.sheffield.com1003.cafe.ingredients.Coffee.&lt;init&gt;(Coffee.java:10)
	at uk.ac.sheffield.com1003.cafe.ingredients.Coffee.&lt;init&gt;(Coffee.java:10)
	at uk.ac.sheffield.com1003.cafe.ingredients.Coffee.&lt;init&gt;(Coffee.java:10)
	at uk.ac.sheffield.com1003.cafe.ingredients.Coffee.&lt;init&gt;(Coffee.java:10)
	at uk.ac.sheffield.com1003.cafe.ingredients.Coffee.&lt;init&gt;(Coffee.java:10)
	at uk.ac.sheffield.com1003.cafe.ingredients.Coffee.&lt;init&gt;(Coffee.java:10)
	at uk.ac.sheffield.com1003.cafe.ingredients.Coffee.&lt;init&gt;(Coffee.java:10)
	at uk.ac.sheffield.com1003.cafe.ingredients.Coffee.&lt;init&gt;(Coffee.java:10)
	at uk.ac.sheffield.com1003.cafe.ingredients.Coffee.&lt;init&gt;(Coffee.java:10)
	at uk.ac.sheffield.com1003.cafe.ingredients.Coffee.&lt;init&gt;(Coffee.java:10)
	at uk.ac.sheffield.com1003.cafe.ingredients.Coffee.&lt;init&gt;(Coffee.java:10)
	at uk.ac.sheffield.com1003.cafe.ingredients.Coffee.&lt;init&gt;(Coffee.java:10)
	at uk.ac.sheffield.com1003.cafe.ingredients.Coffee.&lt;init&gt;(Coffee.java:10)
	at uk.ac.sheffield.com1003.cafe.ingredients.Coffee.&lt;init&gt;(Coffee.java:10)
	at uk.ac.sheffield.com1003.cafe.ingredients.Coffee.&lt;init&gt;(Coffee.java:10)
	at uk.ac.sheffield.com1003.cafe.ingredients.Coffee.&lt;init&gt;(Coffee.java:10)
	at uk.ac.sheffield.com1003.cafe.ingredients.Coffee.&lt;init&gt;(Coffee.java:10)
	at uk.ac.sheffield.com1003.cafe.ingredients.Coffee.&lt;init&gt;(Coffee.java:10)
	at uk.ac.sheffield.com1003.cafe.ingredients.Coffee.&lt;init&gt;(Coffee.java:10)
	at uk.ac.sheffield.com1003.cafe.ingredients.Coffee.&lt;init&gt;(Coffee.java:10)
	at uk.ac.sheffield.com1003.cafe.ingredients.Coffee.&lt;init&gt;(Coffee.java:10)
	at uk.ac.sheffield.com1003.cafe.ingredients.Coffee.&lt;init&gt;(Coffee.java:10)
	at uk.ac.sheffield.com1003.cafe.ingredients.Coffee.&lt;init&gt;(Coffee.java:10)
	at uk.ac.sheffield.com1003.cafe.ingredients.Coffee.&lt;init&gt;(Coffee.java:10)
	at uk.ac.sheffield.com1003.cafe.ingredients.Coffee.&lt;init&gt;(Coffee.java:10)
	at uk.ac.sheffield.com1003.cafe.ingredients.Coffee.&lt;init&gt;(Coffee.java:10)
	at uk.ac.sheffield.com1003.cafe.ingredients.Coffee.&lt;init&gt;(Coffee.java:10)
	at uk.ac.sheffield.com1003.cafe.ingredients.Coffee.&lt;init&gt;(Coffee.java:10)
	at uk.ac.sheffield.com1003.cafe.ingredients.Coffee.&lt;init&gt;(Coffee.java:10)
	at uk.ac.sheffield.com1003.cafe.ingredients.Coffee.&lt;init&gt;(Coffee.java:10)
	at uk.ac.sheffield.com1003.cafe.ingredients.Coffee.&lt;init&gt;(Coffee.java:10)
	at uk.ac.sheffield.com1003.cafe.ingredients.Coffee.&lt;init&gt;(Coffee.java:10)
	at uk.ac.sheffield.com1003.cafe.ingredients.Coffee.&lt;init&gt;(Coffee.java:10)
	at uk.ac.sheffield.com1003.cafe.ingredients.Coffee.&lt;init&gt;(Coffee.java:10)
	at uk.ac.sheffield.com1003.cafe.ingredients.Coffee.&lt;init&gt;(Coffee.java:10)
	at uk.ac.sheffield.com1003.cafe.ingredients.Coffee.&lt;init&gt;(Coffee.java:10)
	at uk.ac.sheffield.com1003.cafe.ingredients.Coffee.&lt;init&gt;(Coffee.java:10)
	at uk.ac.sheffield.com1003.cafe.ingredients.Coffee.&lt;init&gt;(Coffee.java:10)
	at uk.ac.sheffield.com1003.cafe.ingredients.Coffee.&lt;init&gt;(Coffee.java:10)
	at uk.ac.sheffield.com1003.cafe.ingredients.Coffee.&lt;init&gt;(Coffee.java:10)
	at uk.ac.sheffield.com1003.cafe.ingredients.Coffee.&lt;init&gt;(Coffee.java:10)
	at uk.ac.sheffield.com1003.cafe.ingredients.Coffee.&lt;init&gt;(Coffee.java:10)
	at uk.ac.sheffield.com1003.cafe.ingredients.Coffee.&lt;init&gt;(Coffee.java:10)
	at uk.ac.sheffield.com1003.cafe.ingredients.Coffee.&lt;init&gt;(Coffee.java:10)
	at uk.ac.sheffield.com1003.cafe.ingredients.Coffee.&lt;init&gt;(Coffee.java:10)
	at uk.ac.sheffield.com1003.cafe.ingredients.Coffee.&lt;init&gt;(Coffee.java:10)
	at uk.ac.sheffield.com1003.cafe.ingredients.Coffee.&lt;init&gt;(Coffee.java:10)
	at uk.ac.sheffield.com1003.cafe.ingredients.Coffee.&lt;init&gt;(Coffee.java:10)
	at uk.ac.sheffield.com1003.cafe.ingredients.Coffee.&lt;init&gt;(Coffee.java:10)
	at uk.ac.sheffield.com1003.cafe.ingredients.Coffee.&lt;init&gt;(Coffee.java:10)
	at uk.ac.sheffield.com1003.cafe.ingredients.Coffee.&lt;init&gt;(Coffee.java:10)
	at uk.ac.sheffield.com1003.cafe.ingredients.Coffee.&lt;init&gt;(Coffee.java:10)
	at uk.ac.sheffield.com1003.cafe.ingredients.Coffee.&lt;init&gt;(Coffee.java:10)
	at uk.ac.sheffield.com1003.cafe.ingredients.Coffee.&lt;init&gt;(Coffee.java:10)
	at uk.ac.sheffield.com1003.cafe.ingredients.Coffee.&lt;init&gt;(Coffee.java:10)
	at uk.ac.sheffield.com1003.cafe.ingredients.Coffee.&lt;init&gt;(Coffee.java:10)
	at uk.ac.sheffield.com1003.cafe.ingredients.Coffee.&lt;init&gt;(Coffee.java:10)
	at uk.ac.sheffield.com1003.cafe.ingredients.Coffee.&lt;init&gt;(Coffee.java:10)
	at uk.ac.sheffield.com1003.cafe.ingredients.Coffee.&lt;init&gt;(Coffee.java:10)
	at uk.ac.sheffield.com1003.cafe.ingredients.Coffee.&lt;init&gt;(Coffee.java:10)
	at uk.ac.sheffield.com1003.cafe.ingredients.Coffee.&lt;init&gt;(Coffee.java:10)
	at uk.ac.sheffield.com1003.cafe.ingredients.Coffee.&lt;init&gt;(Coffee.java:10)
	at uk.ac.sheffield.com1003.cafe.ingredients.Coffee.&lt;init&gt;(Coffee.java:10)
	at uk.ac.sheffield.com1003.cafe.ingredients.Coffee.&lt;init&gt;(Coffee.java:10)
	at uk.ac.sheffield.com1003.cafe.ingredients.Coffee.&lt;init&gt;(Coffee.java:10)
	at uk.ac.sheffield.com1003.cafe.ingredients.Coffee.&lt;init&gt;(Coffee.java:10)
	at uk.ac.sheffield.com1003.cafe.ingredients.Coffee.&lt;init&gt;(Coffee.java:10)
	at uk.ac.sheffield.com1003.cafe.ingredients.Coffee.&lt;init&gt;(Coffee.java:10)
	at uk.ac.sheffield.com1003.cafe.ingredients.Coffee.&lt;init&gt;(Coffee.java:10)
	at uk.ac.sheffield.com1003.cafe.ingredients.Coffee.&lt;init&gt;(Coffee.java:10)
	at uk.ac.sheffield.com1003.cafe.ingredients.Coffee.&lt;init&gt;(Coffee.java:10)
	at uk.ac.sheffield.com1003.cafe.ingredients.Coffee.&lt;init&gt;(Coffee.java:10)
	at uk.ac.sheffield.com1003.cafe.ingredients.Coffee.&lt;init&gt;(Coffee.java:10)
	at uk.ac.sheffield.com1003.cafe.ingredients.Coffee.&lt;init&gt;(Coffee.java:10)
	at uk.ac.sheffield.com1003.cafe.ingredients.Coffee.&lt;init&gt;(Coffee.java:10)
	at uk.ac.sheffield.com1003.cafe.ingredients.Coffee.&lt;init&gt;(Coffee.java:10)
	at uk.ac.sheffield.com1003.cafe.ingredients.Coffee.&lt;init&gt;(Coffee.java:10)
	at uk.ac.sheffield.com1003.cafe.ingredients.Coffee.&lt;init&gt;(Coffee.java:10)
	at uk.ac.sheffield.com1003.cafe.ingredients.Coffee.&lt;init&gt;(Coffee.java:10)
	at uk.ac.sheffield.com1003.cafe.ingredients.Coffee.&lt;init&gt;(Coffee.java:10)
	at uk.ac.sheffield.com1003.cafe.ingredients.Coffee.&lt;init&gt;(Coffee.java:10)
	at uk.ac.sheffield.com1003.cafe.ingredients.Coffee.&lt;init&gt;(Coffee.java:10)
	at uk.ac.sheffield.com1003.cafe.ingredients.Coffee.&lt;init&gt;(Coffee.java:10)
	at uk.ac.sheffield.com1003.cafe.ingredients.Coffee.&lt;init&gt;(Coffee.java:10)
	at uk.ac.sheffield.com1003.cafe.ingredients.Coffee.&lt;init&gt;(Coffee.java:10)
	at uk.ac.sheffield.com1003.cafe.ingredients.Coffee.&lt;init&gt;(Coffee.java:10)
	at uk.ac.sheffield.com1003.cafe.ingredients.Coffee.&lt;init&gt;(Coffee.java:10)
	at uk.ac.sheffield.com1003.cafe.ingredients.Coffee.&lt;init&gt;(Coffee.java:10)
	at uk.ac.sheffield.com1003.cafe.ingredients.Coffee.&lt;init&gt;(Coffee.java:10)
	at uk.ac.sheffield.com1003.cafe.ingredients.Coffee.&lt;init&gt;(Coffee.java:10)
	at uk.ac.sheffield.com1003.cafe.ingredients.Coffee.&lt;init&gt;(Coffee.java:10)
	at uk.ac.sheffield.com1003.cafe.ingredients.Coffee.&lt;init&gt;(Coffee.java:10)
	at uk.ac.sheffield.com1003.cafe.ingredients.Coffee.&lt;init&gt;(Coffee.java:10)
	at uk.ac.sheffield.com1003.cafe.ingredients.Coffee.&lt;init&gt;(Coffee.java:10)
	at uk.ac.sheffield.com1003.cafe.ingredients.Coffee.&lt;init&gt;(Coffee.java:10)
	at uk.ac.sheffield.com1003.cafe.ingredients.Coffee.&lt;init&gt;(Coffee.java:10)
	at uk.ac.sheffield.com1003.cafe.ingredients.Coffee.&lt;init&gt;(Coffee.java:10)
	at uk.ac.sheffield.com1003.cafe.ingredients.Coffee.&lt;init&gt;(Coffee.java:10)
	at uk.ac.sheffield.com1003.cafe.ingredients.Coffee.&lt;init&gt;(Coffee.java:10)
	at uk.ac.sheffield.com1003.cafe.ingredients.Coffee.&lt;init&gt;(Coffee.java:10)
	at uk.ac.sheffield.com1003.cafe.ingredients.Coffee.&lt;init&gt;(Coffee.java:10)
	at uk.ac.sheffield.com1003.cafe.ingredients.Coffee.&lt;init&gt;(Coffee.java:10)
	at uk.ac.sheffield.com1003.cafe.ingredients.Coffee.&lt;init&gt;(Coffee.java:10)
	at uk.ac.sheffield.com1003.cafe.ingredients.Coffee.&lt;init&gt;(Coffee.java:10)
	at uk.ac.sheffield.com1003.cafe.ingredients.Coffee.&lt;init&gt;(Coffee.java:10)
	at uk.ac.sheffield.com1003.cafe.ingredients.Coffee.&lt;init&gt;(Coffee.java:10)
	at uk.ac.sheffield.com1003.cafe.ingredients.Coffee.&lt;init&gt;(Coffee.java:10)
	at uk.ac.sheffield.com1003.cafe.ingredients.Coffee.&lt;init&gt;(Coffee.java:10)
	at uk.ac.sheffield.com1003.cafe.ingredients.Coffee.&lt;init&gt;(Coffee.java:10)
	at uk.ac.sheffield.com1003.cafe.ingredients.Coffee.&lt;init&gt;(Coffee.java:10)
	at uk.ac.sheffield.com1003.cafe.ingredients.Coffee.&lt;init&gt;(Coffee.java:10)
	at uk.ac.sheffield.com1003.cafe.ingredients.Coffee.&lt;init&gt;(Coffee.java:10)
	at uk.ac.sheffield.com1003.cafe.ingredients.Coffee.&lt;init&gt;(Coffee.java:10)
	at uk.ac.sheffield.com1003.cafe.ingredients.Coffee.&lt;init&gt;(Coffee.java:10)
	at uk.ac.sheffield.com1003.cafe.ingredients.Coffee.&lt;init&gt;(Coffee.java:10)
	at uk.ac.sheffield.com1003.cafe.ingredients.Coffee.&lt;init&gt;(Coffee.java:10)
	at uk.ac.sheffield.com1003.cafe.ingredients.Coffee.&lt;init&gt;(Coffee.java:10)
	at uk.ac.sheffield.com1003.cafe.ingredients.Coffee.&lt;init&gt;(Coffee.java:10)
	at uk.ac.sheffield.com1003.cafe.ingredients.Coffee.&lt;init&gt;(Coffee.java:10)
	at uk.ac.sheffield.com1003.cafe.ingredients.Coffee.&lt;init&gt;(Coffee.java:10)
	at uk.ac.sheffield.com1003.cafe.ingredients.Coffee.&lt;init&gt;(Coffee.java:10)
	at uk.ac.sheffield.com1003.cafe.ingredients.Coffee.&lt;init&gt;(Coffee.java:10)
	at uk.ac.sheffield.com1003.cafe.ingredients.Coffee.&lt;init&gt;(Coffee.java:10)
	at uk.ac.sheffield.com1003.cafe.ingredients.Coffee.&lt;init&gt;(Coffee.java:10)
	at uk.ac.sheffield.com1003.cafe.ingredients.Coffee.&lt;init&gt;(Coffee.java:10)
	at uk.ac.sheffield.com1003.cafe.ingredients.Coffee.&lt;init&gt;(Coffee.java:10)
	at uk.ac.sheffield.com1003.cafe.ingredients.Coffee.&lt;init&gt;(Coffee.java:10)
	at uk.ac.sheffield.com1003.cafe.ingredients.Coffee.&lt;init&gt;(Coffee.java:10)
	at uk.ac.sheffield.com1003.cafe.ingredients.Coffee.&lt;init&gt;(Coffee.java:10)
	at uk.ac.sheffield.com1003.cafe.ingredients.Coffee.&lt;init&gt;(Coffee.java:10)
	at uk.ac.sheffield.com1003.cafe.ingredients.Coffee.&lt;init&gt;(Coffee.java:10)
	at uk.ac.sheffield.com1003.cafe.ingredients.Coffee.&lt;init&gt;(Coffee.java:10)
	at uk.ac.sheffield.com1003.cafe.ingredients.Coffee.&lt;init&gt;(Coffee.java:10)
	at uk.ac.sheffield.com1003.cafe.ingredients.Coffee.&lt;init&gt;(Coffee.java:10)
	at uk.ac.sheffield.com1003.cafe.ingredients.Coffee.&lt;init&gt;(Coffee.java:10)
	at uk.ac.sheffield.com1003.cafe.ingredients.Coffee.&lt;init&gt;(Coffee.java:10)
	at uk.ac.sheffield.com1003.cafe.ingredients.Coffee.&lt;init&gt;(Coffee.java:10)
	at uk.ac.sheffield.com1003.cafe.ingredients.Coffee.&lt;init&gt;(Coffee.java:10)
	at uk.ac.sheffield.com1003.cafe.ingredients.Coffee.&lt;init&gt;(Coffee.java:10)
	at uk.ac.sheffield.com1003.cafe.ingredients.Coffee.&lt;init&gt;(Coffee.java:10)
	at uk.ac.sheffield.com1003.cafe.ingredients.Coffee.&lt;init&gt;(Coffee.java:10)
	at uk.ac.sheffield.com1003.cafe.ingredients.Coffee.&lt;init&gt;(Coffee.java:10)
	at uk.ac.sheffield.com1003.cafe.ingredients.Coffee.&lt;init&gt;(Coffee.java:10)
	at uk.ac.sheffield.com1003.cafe.ingredients.Coffee.&lt;init&gt;(Coffee.java:10)
	at uk.ac.sheffield.com1003.cafe.ingredients.Coffee.&lt;init&gt;(Coffee.java:10)
	at uk.ac.sheffield.com1003.cafe.ingredients.Coffee.&lt;init&gt;(Coffee.java:10)
	at uk.ac.sheffield.com1003.cafe.ingredients.Coffee.&lt;init&gt;(Coffee.java:10)
	at uk.ac.sheffield.com1003.cafe.ingredients.Coffee.&lt;init&gt;(Coffee.java:10)
</failure>
  </testcase>
  <system-out><![CDATA[]]></system-out>
  <system-err><![CDATA[]]></system-err>
</testsuite>
